This is pdfTeX, Version 3.1415926-2.4-1.40.13 (TeX Live 2012/Debian) (format=pdflatex 2013.11.20)  16 SEP 2014 17:27
entering extended mode
 restricted \write18 enabled.
 %&-line parsing enabled.
**PIMRC14.tex
(./PIMRC14.tex
LaTeX2e <2011/06/27>
Babel <v3.8m> and hyphenation patterns for english, dumylang, nohyphenation, ng
erman, german, swissgerman, ngerman-x-2012-05-30, german-x-2012-05-30, loaded.
(/usr/share/texmf/tex/latex/beamer/base/beamer.cls
(/usr/share/texmf/tex/latex/beamer/base/beamerbasercs.sty
Package: beamerbasercs 2010/06/12 (rcs-revision c3821710bb40)
)
Document Class: beamer 2010/06/21 development version 3.10 A class for typesett
ing presentations (rcs-revision a6b1a8434d30)
(/usr/share/texmf/tex/latex/beamer/base/beamerbasemodes.sty
Package: beamerbasemodes 2010/05/01 (rcs-revision efa082c6111d)
\beamer@tempbox=\box26
\beamer@tempcount=\count79
\c@beamerpauses=\count80

(/usr/share/texmf/tex/latex/beamer/base/beamerbasedecode.sty
Package: beamerbasedecode 2010/05/01 (rcs-revision efa082c6111d)
\beamer@slideinframe=\count81
\beamer@minimum=\count82
)
\beamer@commentbox=\box27
\beamer@modecount=\count83
)
\headheight=\dimen102
\headdp=\dimen103
\footheight=\dimen104
\sidebarheight=\dimen105
\beamer@tempdim=\dimen106
\beamer@finalheight=\dimen107
\beamer@animht=\dimen108
\beamer@animdp=\dimen109
\beamer@animwd=\dimen110
\beamer@leftmargin=\dimen111
\beamer@rightmargin=\dimen112
\beamer@leftsidebar=\dimen113
\beamer@rightsidebar=\dimen114
\beamer@boxsize=\dimen115
\beamer@vboxoffset=\dimen116
\beamer@descdefault=\dimen117
\beamer@descriptionwidth=\dimen118
\beamer@lastskip=\skip41
\beamer@areabox=\box28
\beamer@animcurrent=\box29
\beamer@animshowbox=\box30
\beamer@sectionbox=\box31
\beamer@logobox=\box32
\beamer@linebox=\box33
\beamer@sectioncount=\count84
\beamer@subsubsectionmax=\count85
\beamer@subsectionmax=\count86
\beamer@sectionmax=\count87
\beamer@totalheads=\count88
\beamer@headcounter=\count89
\beamer@partstartpage=\count90
\beamer@sectionstartpage=\count91
\beamer@subsectionstartpage=\count92
\beamer@animationtempa=\count93
\beamer@animationtempb=\count94
\beamer@xpos=\count95
\beamer@ypos=\count96
\beamer@showpartnumber=\count97
\beamer@currentsubsection=\count98
\beamer@coveringdepth=\count99
\beamer@sectionadjust=\count100
\beamer@tocsectionnumber=\count101

(/usr/share/texmf/tex/latex/beamer/base/beamerbaseoptions.sty
Package: beamerbaseoptions 2010/04/27 (rcs-revision 982469101dd6)

(/usr/share/texlive/texmf-dist/tex/latex/graphics/keyval.sty
Package: keyval 1999/03/16 v1.13 key=value parser (DPC)
\KV@toks@=\toks14
))
\beamer@paperwidth=\skip42
\beamer@paperheight=\skip43

(/usr/share/texlive/texmf-dist/tex/latex/geometry/geometry.sty
Package: geometry 2010/09/12 v5.6 Page Geometry

(/usr/share/texlive/texmf-dist/tex/generic/oberdiek/ifpdf.sty
Package: ifpdf 2011/01/30 v2.3 Provides the ifpdf switch (HO)
Package ifpdf Info: pdfTeX in PDF mode is detected.
)
(/usr/share/texlive/texmf-dist/tex/generic/oberdiek/ifvtex.sty
Package: ifvtex 2010/03/01 v1.5 Detect VTeX and its facilities (HO)
Package ifvtex Info: VTeX not detected.
)
(/usr/share/texlive/texmf-dist/tex/generic/ifxetex/ifxetex.sty
Package: ifxetex 2010/09/12 v0.6 Provides ifxetex conditional
)
\Gm@cnth=\count102
\Gm@cntv=\count103
\c@Gm@tempcnt=\count104
\Gm@bindingoffset=\dimen119
\Gm@wd@mp=\dimen120
\Gm@odd@mp=\dimen121
\Gm@even@mp=\dimen122
\Gm@layoutwidth=\dimen123
\Gm@layoutheight=\dimen124
\Gm@layouthoffset=\dimen125
\Gm@layoutvoffset=\dimen126
\Gm@dimlist=\toks15
)
(/usr/share/texlive/texmf-dist/tex/latex/base/size12.clo
File: size12.clo 2007/10/19 v1.4h Standard LaTeX file (size option)
)
(/usr/share/texmf/tex/latex/pgf/basiclayer/pgfcore.sty
(/usr/share/texlive/texmf-dist/tex/latex/graphics/graphicx.sty
Package: graphicx 1999/02/16 v1.0f Enhanced LaTeX Graphics (DPC,SPQR)

(/usr/share/texlive/texmf-dist/tex/latex/graphics/graphics.sty
Package: graphics 2009/02/05 v1.0o Standard LaTeX Graphics (DPC,SPQR)

(/usr/share/texlive/texmf-dist/tex/latex/graphics/trig.sty
Package: trig 1999/03/16 v1.09 sin cos tan (DPC)
)
(/usr/share/texlive/texmf-dist/tex/latex/latexconfig/graphics.cfg
File: graphics.cfg 2010/04/23 v1.9 graphics configuration of TeX Live
)
Package graphics Info: Driver file: pdftex.def on input line 91.

(/usr/share/texlive/texmf-dist/tex/latex/pdftex-def/pdftex.def
File: pdftex.def 2011/05/27 v0.06d Graphics/color for pdfTeX

(/usr/share/texlive/texmf-dist/tex/generic/oberdiek/infwarerr.sty
Package: infwarerr 2010/04/08 v1.3 Providing info/warning/error messages (HO)
)
(/usr/share/texlive/texmf-dist/tex/generic/oberdiek/ltxcmds.sty
Package: ltxcmds 2011/11/09 v1.22 LaTeX kernel commands for general use (HO)
)
\Gread@gobject=\count105
))
\Gin@req@height=\dimen127
\Gin@req@width=\dimen128
)
(/usr/share/texmf/tex/latex/pgf/systemlayer/pgfsys.sty
(/usr/share/texmf/tex/latex/pgf/utilities/pgfrcs.sty
(/usr/share/texmf/tex/generic/pgf/utilities/pgfutil-common.tex
\pgfutil@everybye=\toks16
)
(/usr/share/texmf/tex/generic/pgf/utilities/pgfutil-latex.def
\pgfutil@abb=\box34

(/usr/share/texlive/texmf-dist/tex/latex/ms/everyshi.sty
Package: everyshi 2001/05/15 v3.00 EveryShipout Package (MS)
))
(/usr/share/texmf/tex/generic/pgf/utilities/pgfrcs.code.tex
Package: pgfrcs 2010/10/25 v2.10 (rcs-revision 1.24)
))
(/usr/share/texmf/tex/generic/pgf/systemlayer/pgfsys.code.tex
Package: pgfsys 2010/06/30 v2.10 (rcs-revision 1.37)

(/usr/share/texmf/tex/generic/pgf/utilities/pgfkeys.code.tex
\pgfkeys@pathtoks=\toks17
\pgfkeys@temptoks=\toks18

(/usr/share/texmf/tex/generic/pgf/utilities/pgfkeysfiltered.code.tex
\pgfkeys@tmptoks=\toks19
))
\pgf@x=\dimen129
\pgf@y=\dimen130
\pgf@xa=\dimen131
\pgf@ya=\dimen132
\pgf@xb=\dimen133
\pgf@yb=\dimen134
\pgf@xc=\dimen135
\pgf@yc=\dimen136
\w@pgf@writea=\write3
\r@pgf@reada=\read1
\c@pgf@counta=\count106
\c@pgf@countb=\count107
\c@pgf@countc=\count108
\c@pgf@countd=\count109

(/usr/share/texmf/tex/generic/pgf/systemlayer/pgf.cfg
File: pgf.cfg 2008/05/14  (rcs-revision 1.7)
)
Package pgfsys Info: Driver file for pgf: pgfsys-pdftex.def on input line 900.

(/usr/share/texmf/tex/generic/pgf/systemlayer/pgfsys-pdftex.def
File: pgfsys-pdftex.def 2009/05/22  (rcs-revision 1.26)

(/usr/share/texmf/tex/generic/pgf/systemlayer/pgfsys-common-pdf.def
File: pgfsys-common-pdf.def 2008/05/19  (rcs-revision 1.10)
)))
(/usr/share/texmf/tex/generic/pgf/systemlayer/pgfsyssoftpath.code.tex
File: pgfsyssoftpath.code.tex 2008/07/18  (rcs-revision 1.7)
\pgfsyssoftpath@smallbuffer@items=\count110
\pgfsyssoftpath@bigbuffer@items=\count111
)
(/usr/share/texmf/tex/generic/pgf/systemlayer/pgfsysprotocol.code.tex
File: pgfsysprotocol.code.tex 2006/10/16  (rcs-revision 1.4)
))
(/usr/share/texmf/tex/latex/xcolor/xcolor.sty
Package: xcolor 2007/01/21 v2.11 LaTeX color extensions (UK)

(/usr/share/texlive/texmf-dist/tex/latex/latexconfig/color.cfg
File: color.cfg 2007/01/18 v1.5 color configuration of teTeX/TeXLive
)
Package xcolor Info: Driver file: pdftex.def on input line 225.
Package xcolor Info: Model `cmy' substituted by `cmy0' on input line 1337.
Package xcolor Info: Model `hsb' substituted by `rgb' on input line 1341.
Package xcolor Info: Model `RGB' extended on input line 1353.
Package xcolor Info: Model `HTML' substituted by `rgb' on input line 1355.
Package xcolor Info: Model `Hsb' substituted by `hsb' on input line 1356.
Package xcolor Info: Model `tHsb' substituted by `hsb' on input line 1357.
Package xcolor Info: Model `HSB' substituted by `hsb' on input line 1358.
Package xcolor Info: Model `Gray' substituted by `gray' on input line 1359.
Package xcolor Info: Model `wave' substituted by `hsb' on input line 1360.
)
(/usr/share/texmf/tex/generic/pgf/basiclayer/pgfcore.code.tex
Package: pgfcore 2010/04/11 v2.10 (rcs-revision 1.7)

(/usr/share/texmf/tex/generic/pgf/math/pgfmath.code.tex
(/usr/share/texmf/tex/generic/pgf/math/pgfmathcalc.code.tex
(/usr/share/texmf/tex/generic/pgf/math/pgfmathutil.code.tex)
(/usr/share/texmf/tex/generic/pgf/math/pgfmathparser.code.tex
\pgfmath@dimen=\dimen137
\pgfmath@count=\count112
\pgfmath@box=\box35
\pgfmath@toks=\toks20
\pgfmath@stack@operand=\toks21
\pgfmath@stack@operation=\toks22
)
(/usr/share/texmf/tex/generic/pgf/math/pgfmathfunctions.code.tex
(/usr/share/texmf/tex/generic/pgf/math/pgfmathfunctions.basic.code.tex)
(/usr/share/texmf/tex/generic/pgf/math/pgfmathfunctions.trigonometric.code.tex)
(/usr/share/texmf/tex/generic/pgf/math/pgfmathfunctions.random.code.tex)
(/usr/share/texmf/tex/generic/pgf/math/pgfmathfunctions.comparison.code.tex)
(/usr/share/texmf/tex/generic/pgf/math/pgfmathfunctions.base.code.tex)
(/usr/share/texmf/tex/generic/pgf/math/pgfmathfunctions.round.code.tex)
(/usr/share/texmf/tex/generic/pgf/math/pgfmathfunctions.misc.code.tex)))
(/usr/share/texmf/tex/generic/pgf/math/pgfmathfloat.code.tex
\c@pgfmathroundto@lastzeros=\count113
))
(/usr/share/texmf/tex/generic/pgf/basiclayer/pgfcorepoints.code.tex
File: pgfcorepoints.code.tex 2010/04/09  (rcs-revision 1.20)
\pgf@picminx=\dimen138
\pgf@picmaxx=\dimen139
\pgf@picminy=\dimen140
\pgf@picmaxy=\dimen141
\pgf@pathminx=\dimen142
\pgf@pathmaxx=\dimen143
\pgf@pathminy=\dimen144
\pgf@pathmaxy=\dimen145
\pgf@xx=\dimen146
\pgf@xy=\dimen147
\pgf@yx=\dimen148
\pgf@yy=\dimen149
\pgf@zx=\dimen150
\pgf@zy=\dimen151
)
(/usr/share/texmf/tex/generic/pgf/basiclayer/pgfcorepathconstruct.code.tex
File: pgfcorepathconstruct.code.tex 2010/08/03  (rcs-revision 1.24)
\pgf@path@lastx=\dimen152
\pgf@path@lasty=\dimen153
)
(/usr/share/texmf/tex/generic/pgf/basiclayer/pgfcorepathusage.code.tex
File: pgfcorepathusage.code.tex 2008/04/22  (rcs-revision 1.12)
\pgf@shorten@end@additional=\dimen154
\pgf@shorten@start@additional=\dimen155
)
(/usr/share/texmf/tex/generic/pgf/basiclayer/pgfcorescopes.code.tex
File: pgfcorescopes.code.tex 2010/09/08  (rcs-revision 1.34)
\pgfpic=\box36
\pgf@hbox=\box37
\pgf@layerbox@main=\box38
\pgf@picture@serial@count=\count114
)
(/usr/share/texmf/tex/generic/pgf/basiclayer/pgfcoregraphicstate.code.tex
File: pgfcoregraphicstate.code.tex 2008/04/22  (rcs-revision 1.9)
\pgflinewidth=\dimen156
)
(/usr/share/texmf/tex/generic/pgf/basiclayer/pgfcoretransformations.code.tex
File: pgfcoretransformations.code.tex 2009/06/10  (rcs-revision 1.11)
\pgf@pt@x=\dimen157
\pgf@pt@y=\dimen158
\pgf@pt@temp=\dimen159
)
(/usr/share/texmf/tex/generic/pgf/basiclayer/pgfcorequick.code.tex
File: pgfcorequick.code.tex 2008/10/09  (rcs-revision 1.3)
)
(/usr/share/texmf/tex/generic/pgf/basiclayer/pgfcoreobjects.code.tex
File: pgfcoreobjects.code.tex 2006/10/11  (rcs-revision 1.2)
)
(/usr/share/texmf/tex/generic/pgf/basiclayer/pgfcorepathprocessing.code.tex
File: pgfcorepathprocessing.code.tex 2008/10/09  (rcs-revision 1.8)
)
(/usr/share/texmf/tex/generic/pgf/basiclayer/pgfcorearrows.code.tex
File: pgfcorearrows.code.tex 2008/04/23  (rcs-revision 1.11)
)
(/usr/share/texmf/tex/generic/pgf/basiclayer/pgfcoreshade.code.tex
File: pgfcoreshade.code.tex 2008/11/23  (rcs-revision 1.13)
\pgf@max=\dimen160
\pgf@sys@shading@range@num=\count115
)
(/usr/share/texmf/tex/generic/pgf/basiclayer/pgfcoreimage.code.tex
File: pgfcoreimage.code.tex 2010/03/25  (rcs-revision 1.16)

(/usr/share/texmf/tex/generic/pgf/basiclayer/pgfcoreexternal.code.tex
File: pgfcoreexternal.code.tex 2010/09/01  (rcs-revision 1.17)
\pgfexternal@startupbox=\box39
))
(/usr/share/texmf/tex/generic/pgf/basiclayer/pgfcorelayers.code.tex
File: pgfcorelayers.code.tex 2010/08/27  (rcs-revision 1.2)
)
(/usr/share/texmf/tex/generic/pgf/basiclayer/pgfcoretransparency.code.tex
File: pgfcoretransparency.code.tex 2008/01/17  (rcs-revision 1.2)
)
(/usr/share/texmf/tex/generic/pgf/basiclayer/pgfcorepatterns.code.tex
File: pgfcorepatterns.code.tex 2009/07/02  (rcs-revision 1.3)
)))
(/usr/share/texmf/tex/latex/pgf/utilities/xxcolor.sty
Package: xxcolor 2003/10/24 ver 0.1
\XC@nummixins=\count116
\XC@countmixins=\count117
)
(/usr/share/texlive/texmf-dist/tex/latex/hyperref/hyperref.sty
Package: hyperref 2012/05/13 v6.82q Hypertext links for LaTeX

(/usr/share/texlive/texmf-dist/tex/generic/oberdiek/hobsub-hyperref.sty
Package: hobsub-hyperref 2012/05/28 v1.13 Bundle oberdiek, subset hyperref (HO)


(/usr/share/texlive/texmf-dist/tex/generic/oberdiek/hobsub-generic.sty
Package: hobsub-generic 2012/05/28 v1.13 Bundle oberdiek, subset generic (HO)
Package: hobsub 2012/05/28 v1.13 Construct package bundles (HO)
Package hobsub Info: Skipping package `infwarerr' (already loaded).
Package hobsub Info: Skipping package `ltxcmds' (already loaded).
Package: ifluatex 2010/03/01 v1.3 Provides the ifluatex switch (HO)
Package ifluatex Info: LuaTeX not detected.
Package hobsub Info: Skipping package `ifvtex' (already loaded).
Package: intcalc 2007/09/27 v1.1 Expandable calculations with integers (HO)
Package hobsub Info: Skipping package `ifpdf' (already loaded).
Package: etexcmds 2011/02/16 v1.5 Avoid name clashes with e-TeX commands (HO)
Package etexcmds Info: Could not find \expanded.
(etexcmds)             That can mean that you are not using pdfTeX 1.50 or
(etexcmds)             that some package has redefined \expanded.
(etexcmds)             In the latter case, load this package earlier.
Package: kvsetkeys 2012/04/25 v1.16 Key value parser (HO)
Package: kvdefinekeys 2011/04/07 v1.3 Define keys (HO)
Package: pdftexcmds 2011/11/29 v0.20 Utility functions of pdfTeX for LuaTeX (HO
)
Package pdftexcmds Info: LuaTeX not detected.
Package pdftexcmds Info: \pdf@primitive is available.
Package pdftexcmds Info: \pdf@ifprimitive is available.
Package pdftexcmds Info: \pdfdraftmode found.
Package: pdfescape 2011/11/25 v1.13 Implements pdfTeX's escape features (HO)
Package: bigintcalc 2012/04/08 v1.3 Expandable calculations on big integers (HO
)
Package: bitset 2011/01/30 v1.1 Handle bit-vector datatype (HO)
Package: uniquecounter 2011/01/30 v1.2 Provide unlimited unique counter (HO)
)
Package hobsub Info: Skipping package `hobsub' (already loaded).
Package: letltxmacro 2010/09/02 v1.4 Let assignment for LaTeX macros (HO)
Package: hopatch 2012/05/28 v1.2 Wrapper for package hooks (HO)
Package: xcolor-patch 2011/01/30 xcolor patch
Package: atveryend 2011/06/30 v1.8 Hooks at the very end of document (HO)
Package atveryend Info: \enddocument detected (standard20110627).
Package: atbegshi 2011/10/05 v1.16 At begin shipout hook (HO)
Package: refcount 2011/10/16 v3.4 Data extraction from label references (HO)
Package: hycolor 2011/01/30 v1.7 Color options for hyperref/bookmark (HO)
)
(/usr/share/texlive/texmf-dist/tex/latex/oberdiek/kvoptions.sty
Package: kvoptions 2011/06/30 v3.11 Key value format for package options (HO)
)
\@linkdim=\dimen161
\Hy@linkcounter=\count118
\Hy@pagecounter=\count119

(/usr/share/texlive/texmf-dist/tex/latex/hyperref/pd1enc.def
File: pd1enc.def 2012/05/13 v6.82q Hyperref: PDFDocEncoding definition (HO)
)
\Hy@SavedSpaceFactor=\count120

(/usr/share/texlive/texmf-dist/tex/latex/latexconfig/hyperref.cfg
File: hyperref.cfg 2002/06/06 v1.2 hyperref configuration of TeXLive
)
Package hyperref Info: Option `bookmarks' set `true' on input line 3941.
Package hyperref Info: Option `bookmarksopen' set `true' on input line 3941.
Package hyperref Info: Option `implicit' set `false' on input line 3941.
Package hyperref Info: Hyper figures OFF on input line 4062.
Package hyperref Info: Link nesting OFF on input line 4067.
Package hyperref Info: Hyper index ON on input line 4070.
Package hyperref Info: Plain pages OFF on input line 4077.
Package hyperref Info: Backreferencing OFF on input line 4082.
Package hyperref Info: Implicit mode OFF; no redefinition of LaTeX internals.
Package hyperref Info: Bookmarks ON on input line 4300.
\c@Hy@tempcnt=\count121

(/usr/share/texlive/texmf-dist/tex/latex/url/url.sty
\Urlmuskip=\muskip10
Package: url 2006/04/12  ver 3.3  Verb mode for urls, etc.
)
LaTeX Info: Redefining \url on input line 4653.
\Fld@menulength=\count122
\Field@Width=\dimen162
\Fld@charsize=\dimen163
Package hyperref Info: Hyper figures OFF on input line 5773.
Package hyperref Info: Link nesting OFF on input line 5778.
Package hyperref Info: Hyper index ON on input line 5781.
Package hyperref Info: backreferencing OFF on input line 5788.
Package hyperref Info: Link coloring OFF on input line 5793.
Package hyperref Info: Link coloring with OCG OFF on input line 5798.
Package hyperref Info: PDF/A mode OFF on input line 5803.
LaTeX Info: Redefining \ref on input line 5843.
LaTeX Info: Redefining \pageref on input line 5847.
\Hy@abspage=\count123


Package hyperref Message: Stopped early.

)

Package hyperref Message: Driver (autodetected): hpdftex.

(/usr/share/texlive/texmf-dist/tex/latex/hyperref/hpdftex.def
File: hpdftex.def 2012/05/13 v6.82q Hyperref driver for pdfTeX
\Fld@listcount=\count124
\c@bookmark@seq@number=\count125

(/usr/share/texlive/texmf-dist/tex/latex/oberdiek/rerunfilecheck.sty
Package: rerunfilecheck 2011/04/15 v1.7 Rerun checks for auxiliary files (HO)
Package uniquecounter Info: New unique counter `rerunfilecheck' on input line 2
82.
))
(/usr/share/texmf/tex/latex/beamer/base/beamerbaserequires.sty
Package: beamerbaserequires 2010/05/01  (rcs-revision efa082c6111d)

(/usr/share/texmf/tex/latex/beamer/base/beamerbasecompatibility.sty
Package: beamerbasecompatibility 2010/07/12  (rcs-revision 6648c3177e4e)
)
(/usr/share/texmf/tex/latex/beamer/base/beamerbasefont.sty
Package: beamerbasefont 2010/05/10  (rcs-revision cd36e8a33c6b)

(/usr/share/texlive/texmf-dist/tex/latex/amsfonts/amssymb.sty
Package: amssymb 2009/06/22 v3.00

(/usr/share/texlive/texmf-dist/tex/latex/amsfonts/amsfonts.sty
Package: amsfonts 2009/06/22 v3.00 Basic AMSFonts support
\@emptytoks=\toks23
\symAMSa=\mathgroup4
\symAMSb=\mathgroup5
LaTeX Font Info:    Overwriting math alphabet `\mathfrak' in version `bold'
(Font)                  U/euf/m/n --> U/euf/b/n on input line 96.
)))
(/usr/share/texmf/tex/latex/beamer/base/beamerbasetranslator.sty
Package: beamerbasetranslator 2010/06/11  (rcs-revision 85fd1cc7fc42)

(/usr/share/texmf/tex/latex/beamer/base/translator/translator.sty
Package: translator 2010/06/12 ver 1.10

(/usr/share/texmf/tex/latex/beamer/base/translator/translator-language-mappings
.tex))) (/usr/share/texmf/tex/latex/beamer/base/beamerbasemisc.sty
Package: beamerbasemisc 2010/06/06  (rcs-revision bff0a9294b45)
)
(/usr/share/texmf/tex/latex/beamer/base/beamerbasetwoscreens.sty
Package: beamerbasetwoscreens 2010/05/01  (rcs-revision efa082c6111d)
)
(/usr/share/texmf/tex/latex/beamer/base/beamerbaseoverlay.sty
Package: beamerbaseoverlay 2010/05/07  (rcs-revision 5584dad462a9)
\beamer@argscount=\count126
\beamer@lastskipcover=\skip44
\beamer@trivlistdepth=\count127
)
(/usr/share/texmf/tex/latex/beamer/base/beamerbasetitle.sty
Package: beamerbasetitle 2010/06/12  (rcs-revision 717e481ca47a)
)
(/usr/share/texmf/tex/latex/beamer/base/beamerbasesection.sty
Package: beamerbasesection 2010/06/17  (rcs-revision e0d9401bb743)
\c@lecture=\count128
\c@part=\count129
\c@section=\count130
\c@subsection=\count131
\c@subsubsection=\count132
)
(/usr/share/texmf/tex/latex/beamer/base/beamerbaseframe.sty
Package: beamerbaseframe 2010/06/06  (rcs-revision bff0a9294b45)
\beamer@framebox=\box40
\beamer@frametitlebox=\box41
\beamer@zoombox=\box42
\beamer@zoomcount=\count133
\beamer@zoomframecount=\count134
\beamer@frametextheight=\dimen164
\c@subsectionslide=\count135
\beamer@frametopskip=\skip45
\beamer@framebottomskip=\skip46
\beamer@frametopskipautobreak=\skip47
\beamer@framebottomskipautobreak=\skip48
\beamer@envbody=\toks24
\c@framenumber=\count136
)
(/usr/share/texmf/tex/latex/beamer/base/beamerbaseverbatim.sty
Package: beamerbaseverbatim 2010/05/01  (rcs-revision efa082c6111d)
\beamer@verbatimfileout=\write4
)
(/usr/share/texmf/tex/latex/beamer/base/beamerbaseframesize.sty
Package: beamerbaseframesize 2010/06/27  (rcs-revision 6baa2d92e6f1)
\beamer@splitbox=\box43
\beamer@autobreakcount=\count137
\beamer@autobreaklastheight=\dimen165
\beamer@frametitletoks=\toks25
\beamer@framesubtitletoks=\toks26
)
(/usr/share/texmf/tex/latex/beamer/base/beamerbaseframecomponents.sty
Package: beamerbaseframecomponents 2010/07/12  (rcs-revision 09e82992d9b1)
\beamer@footins=\box44
)
(/usr/share/texmf/tex/latex/beamer/base/beamerbasecolor.sty
Package: beamerbasecolor 2010/06/06  (rcs-revision d1a9b48be06d)
)
(/usr/share/texmf/tex/latex/beamer/base/beamerbasenotes.sty
Package: beamerbasenotes 2010/05/01  (rcs-revision efa082c6111d)
\beamer@frameboxcopy=\box45
)
(/usr/share/texmf/tex/latex/beamer/base/beamerbasetoc.sty
Package: beamerbasetoc 2010/06/11  (rcs-revision 242ecaa6783b)
)
(/usr/share/texmf/tex/latex/beamer/base/beamerbasetemplates.sty
Package: beamerbasetemplates 2010/05/01  (rcs-revision efa082c6111d)
\beamer@sbttoks=\toks27

(/usr/share/texmf/tex/latex/beamer/base/beamerbaseauxtemplates.sty
Package: beamerbaseauxtemplates 2010/05/01  (rcs-revision efa082c6111d)

(/usr/share/texmf/tex/latex/beamer/base/beamerbaseboxes.sty
Package: beamerbaseboxes 2010/05/01  (rcs-revision efa082c6111d)
\bmb@box=\box46
\bmb@colorbox=\box47
\bmb@boxshadow=\box48
\bmb@boxshadowball=\box49
\bmb@boxshadowballlarge=\box50
\bmb@temp=\dimen166
\bmb@dima=\dimen167
\bmb@dimb=\dimen168
\bmb@prevheight=\dimen169
)
\beamer@blockheadheight=\dimen170
))
(/usr/share/texmf/tex/latex/beamer/base/beamerbaselocalstructure.sty
Package: beamerbaselocalstructure 2010/06/01  (rcs-revision 81f9e33f7cc2)

(/usr/share/texlive/texmf-dist/tex/latex/tools/enumerate.sty
Package: enumerate 1999/03/05 v3.00 enumerate extensions (DPC)
\@enLab=\toks28
)
\c@figure=\count138
\c@table=\count139
\abovecaptionskip=\skip49
\belowcaptionskip=\skip50
)
(/usr/share/texmf/tex/latex/beamer/base/beamerbasenavigation.sty
Package: beamerbasenavigation 2010/05/01  (rcs-revision efa082c6111d)
)
(/usr/share/texmf/tex/latex/beamer/base/beamerbasetheorems.sty
Package: beamerbasetheorems 2010/06/06  (rcs-revision 7e7cc5e53e9d)

(/usr/share/texlive/texmf-dist/tex/latex/amsmath/amsmath.sty
Package: amsmath 2000/07/18 v2.13 AMS math features
\@mathmargin=\skip51

For additional information on amsmath, use the `?' option.
(/usr/share/texlive/texmf-dist/tex/latex/amsmath/amstext.sty
Package: amstext 2000/06/29 v2.01

(/usr/share/texlive/texmf-dist/tex/latex/amsmath/amsgen.sty
File: amsgen.sty 1999/11/30 v2.0
\@emptytoks=\toks29
\ex@=\dimen171
))
(/usr/share/texlive/texmf-dist/tex/latex/amsmath/amsbsy.sty
Package: amsbsy 1999/11/29 v1.2d
\pmbraise@=\dimen172
)
(/usr/share/texlive/texmf-dist/tex/latex/amsmath/amsopn.sty
Package: amsopn 1999/12/14 v2.01 operator names
)
\inf@bad=\count140
LaTeX Info: Redefining \frac on input line 211.
\uproot@=\count141
\leftroot@=\count142
LaTeX Info: Redefining \overline on input line 307.
\classnum@=\count143
\DOTSCASE@=\count144
LaTeX Info: Redefining \ldots on input line 379.
LaTeX Info: Redefining \dots on input line 382.
LaTeX Info: Redefining \cdots on input line 467.
\Mathstrutbox@=\box51
\strutbox@=\box52
\big@size=\dimen173
LaTeX Font Info:    Redeclaring font encoding OML on input line 567.
LaTeX Font Info:    Redeclaring font encoding OMS on input line 568.
\macc@depth=\count145
\c@MaxMatrixCols=\count146
\dotsspace@=\muskip11
\c@parentequation=\count147
\dspbrk@lvl=\count148
\tag@help=\toks30
\row@=\count149
\column@=\count150
\maxfields@=\count151
\andhelp@=\toks31
\eqnshift@=\dimen174
\alignsep@=\dimen175
\tagshift@=\dimen176
\tagwidth@=\dimen177
\totwidth@=\dimen178
\lineht@=\dimen179
\@envbody=\toks32
\multlinegap=\skip52
\multlinetaggap=\skip53
\mathdisplay@stack=\toks33
LaTeX Info: Redefining \[ on input line 2666.
LaTeX Info: Redefining \] on input line 2667.
)
(/usr/share/texlive/texmf-dist/tex/latex/amscls/amsthm.sty
Package: amsthm 2009/07/02 v2.20.1
\thm@style=\toks34
\thm@bodyfont=\toks35
\thm@headfont=\toks36
\thm@notefont=\toks37
\thm@headpunct=\toks38
\thm@preskip=\skip54
\thm@postskip=\skip55
\thm@headsep=\skip56
\dth@everypar=\toks39
)
\c@theorem=\count152
)
(/usr/share/texmf/tex/latex/beamer/base/beamerbasethemes.sty
Package: beamerbasethemes 2010/05/01  (rcs-revision efa082c6111d)
))
(/usr/share/texmf/tex/latex/beamer/base/themes/theme/beamerthemedefault.sty
Package: beamerthemedefault 2010/06/17  (rcs-revision d02a7cf4d8ae)

(/usr/share/texmf/tex/latex/beamer/base/themes/font/beamerfontthemedefault.sty
Package: beamerfontthemedefault 2010/06/17  (rcs-revision d02a7cf4d8ae)
)
(/usr/share/texmf/tex/latex/beamer/base/themes/color/beamercolorthemedefault.st
y
Package: beamercolorthemedefault 2010/06/17  (rcs-revision d02a7cf4d8ae)
)
(/usr/share/texmf/tex/latex/beamer/base/themes/inner/beamerinnerthemedefault.st
y
Package: beamerinnerthemedefault 2010/06/17  (rcs-revision d02a7cf4d8ae)
\beamer@dima=\dimen180
\beamer@dimb=\dimen181
)
(/usr/share/texmf/tex/latex/beamer/base/themes/outer/beamerouterthemedefault.st
y
Package: beamerouterthemedefault 2010/06/17  (rcs-revision d02a7cf4d8ae)
))) (./templates/beamerthemekit.sty (./templates/beamerthemekitbase.sty
(/usr/share/texlive/texmf-dist/tex/generic/babel/babel.sty
Package: babel 2008/07/08 v3.8m The Babel package

(/usr/share/texlive/texmf-dist/tex/generic/babel/english.ldf
Language: english 2005/03/30 v3.3o English support from the babel system

(/usr/share/texlive/texmf-dist/tex/generic/babel/babel.def
File: babel.def 2008/07/08 v3.8m Babel common definitions
LaTeX Info: Redefining \textlatin on input line 82.
\babel@savecnt=\count153
\U@D=\dimen182
)
\l@british = a dialect from \language\l@english 
\l@UKenglish = a dialect from \language\l@english 
\l@canadian = a dialect from \language\l@american 
\l@australian = a dialect from \language\l@british 
\l@newzealand = a dialect from \language\l@british 
)
(/usr/share/texlive/texmf-dist/tex/generic/babel/ngermanb.ldf
Language: ngermanb 2008/07/06 v2.6n new German support from the babel system
\l@naustrian = a dialect from \language\l@ngerman 
Package babel Info: Making " an active character on input line 92.
))
(/usr/share/texlive/texmf-dist/tex/latex/base/ifthen.sty
Package: ifthen 2001/05/26 v1.1c Standard LaTeX ifthen package (DPC)
)
(/usr/share/texlive/texmf-dist/tex/latex/textpos/textpos.sty
Package: textpos 2012/06/01 v1.7h

Package: textpos 2012/06/01 1.7h, absolute positioning of text on the page
\TP@textbox=\box53
\TP@holdbox=\box54
\TPHorizModule=\dimen183
\TPVertModule=\dimen184
\TP@margin=\dimen185
\TP@absmargin=\dimen186
Grid set 16 x 16 = 22.7622pt x 17.07166pt
\TPboxrulesize=\dimen187
\TP@ox=\dimen188
\TP@oy=\dimen189
\TP@tbargs=\toks40
\TP@prevdepth=\dimen190
TextBlockOrigin set to 0pt x 0pt
) (./templates/semirounded.sty)
(/usr/share/texlive/texmf-dist/tex/latex/overpic/overpic.sty
Package: overpic 2010/09/13 v0.53  Overwriting graphics

Package: overpic v0.53 <2010/09/13> (RN)
(/usr/share/texlive/texmf-dist/tex/latex/eepic/epic.sty
Enhancements to Picture Environment. Version 1.2 - Released June 1, 1986
\@@multicnt=\count154
\d@lta=\count155
\@delta=\dimen191
\@@delta=\dimen192
\@gridcnt=\count156
\@joinkind=\count157
\@dotgap=\dimen193
\@ddotgap=\dimen194
\@x@diff=\count158
\@y@diff=\count159
\x@diff=\dimen195
\y@diff=\dimen196
\@dotbox=\box55
\num@segments=\count160
\num@segmentsi=\count161
\@datafile=\read2
)
overpic: absolute positioning in \unitlength 
) (/usr/share/texlive/texmf-dist/tex/latex/psnfss/helvet.sty
Package: helvet 2005/04/12 PSNFSS-v9.2a (WaS) 
)
(/usr/share/texmf/tex/latex/beamer/base/themes/inner/beamerinnerthemerounded.st
y
Package: beamerinnerthemerounded 2010/06/17  (rcs-revision d02a7cf4d8ae)
) (./templates/beamercolorthemekit.sty
\GPT@outputbox=\box56
))
\kitbottom=\skip57
)
(/usr/share/texlive/texmf-dist/tex/latex/datetime/datetime.sty
Package: datetime 2010/09/21 v2.58 Date Time Package

(/usr/share/texlive/texmf-dist/tex/latex/fmtcount/fmtcount.sty
Package: fmtcount 2009/10/02 v1.31
\c@padzeroesN=\count162

(/usr/share/texlive/texmf-dist/tex/latex/fmtcount/fc-english.def
File: fc-english 2007/05/26
)
(/usr/share/texlive/texmf-dist/tex/latex/fmtcount/fc-UKenglish.def
File: fc-UKenglish 2007/06/14
)
(/usr/share/texlive/texmf-dist/tex/latex/fmtcount/fc-british.def
File: fc-british 2007/06/14
)
(/usr/share/texlive/texmf-dist/tex/latex/fmtcount/fc-USenglish.def
File: fc-USenglish 2007/06/14
)
(/usr/share/texlive/texmf-dist/tex/latex/fmtcount/fc-german.def
File: fc-german.def 2007/06/14
)
No configuration file fmtcount.cfg found.
\@DT@modctr=\count163
\@ordinalctr=\count164
\@orgargctr=\count165
\@strctr=\count166
\@tmpstrctr=\count167
\@DT@loopN=\count168
\@DT@X=\count169
)
\@day=\count170
\@month=\count171
\@year=\count172
\c@HOUR=\count173
\c@HOURXII=\count174
\c@MINUTE=\count175
\c@TOHOUR=\count176
\c@TOMINUTE=\count177
\c@SECOND=\count178
\currenthour=\count179
\currentminute=\count180
\currentsecond=\count181
Package datetime Info: No datetime.cfg file found, using default settings on in
put line 292.
\@dtctr=\count182
\dayofyear=\count183
\dayofweek=\count184
LaTeX Info: Redefining \today on input line 724.
 (/usr/share/texlive/texmf-dist/tex/latex/datetime/dt-naustrian.def
File: dt-naustrian.def 2004/10/31
LaTeX Info: Redefining \datenaustrian on input line 63.
)
(/usr/share/texlive/texmf-dist/tex/latex/datetime/dt-ngerman.def
File: dt-ngerman.def 2004/10/31
LaTeX Info: Redefining \datengerman on input line 83.
)
\dt@a=\toks41
\dt@b=\toks42
)
(/usr/share/texlive/texmf-dist/tex/latex/bbm-macros/bbm.sty
Package: bbm 1999/03/15 V 1.2 provides fonts for set symbols - TH
LaTeX Font Info:    Overwriting math alphabet `\mathbbm' in version `bold'
(Font)                  U/bbm/m/n --> U/bbm/bx/n on input line 33.
LaTeX Font Info:    Overwriting math alphabet `\mathbbmss' in version `bold'
(Font)                  U/bbmss/m/n --> U/bbmss/bx/n on input line 35.
)
(/usr/share/texlive/texmf-dist/tex/latex/subfig/subfig.sty
Package: subfig 2005/06/28 ver: 1.3 subfig package

(/usr/share/texlive/texmf-dist/tex/latex/caption/caption.sty
Package: caption 2012/02/19 v3.2f Customizing captions (AR)

(/usr/share/texlive/texmf-dist/tex/latex/caption/caption3.sty
Package: caption3 2012/01/12 v1.4b caption3 kernel (AR)
\captionmargin=\dimen197
\captionmargin@=\dimen198
\captionwidth=\dimen199
\caption@indent=\dimen200
\caption@parindent=\dimen201
\caption@hangindent=\dimen202
)
\c@ContinuedFloat=\count185
Package caption Info: beamer document class.
Package caption Info: hyperref package is loaded.
Package caption Info: Hyperref support is turned off
(caption)             because hyperref has stopped early.
)
\c@KVtest=\count186
\sf@farskip=\skip58
\sf@captopadj=\dimen203
\sf@capskip=\skip59
\sf@nearskip=\skip60
\c@subfigure=\count187
\c@subfigure@save=\count188
\c@depth=\count189
\c@subtable=\count190
\c@subtable@save=\count191
\sf@top=\skip61
\sf@bottom=\skip62
)
(./templates/tikzkit.sty (/usr/share/texmf/tex/latex/pgf/frontendlayer/tikz.sty
(/usr/share/texmf/tex/latex/pgf/basiclayer/pgf.sty
Package: pgf 2008/01/15 v2.10 (rcs-revision 1.12)

(/usr/share/texmf/tex/generic/pgf/modules/pgfmoduleshapes.code.tex
File: pgfmoduleshapes.code.tex 2010/09/09  (rcs-revision 1.13)
\pgfnodeparttextbox=\box57
)
(/usr/share/texmf/tex/generic/pgf/modules/pgfmoduleplot.code.tex
File: pgfmoduleplot.code.tex 2010/10/22  (rcs-revision 1.8)
)
(/usr/share/texmf/tex/latex/pgf/compatibility/pgfcomp-version-0-65.sty
Package: pgfcomp-version-0-65 2007/07/03 v2.10 (rcs-revision 1.7)
\pgf@nodesepstart=\dimen204
\pgf@nodesepend=\dimen205
)
(/usr/share/texmf/tex/latex/pgf/compatibility/pgfcomp-version-1-18.sty
Package: pgfcomp-version-1-18 2007/07/23 v2.10 (rcs-revision 1.1)
))
(/usr/share/texmf/tex/latex/pgf/utilities/pgffor.sty
(/usr/share/texmf/tex/latex/pgf/utilities/pgfkeys.sty
(/usr/share/texmf/tex/generic/pgf/utilities/pgfkeys.code.tex))
(/usr/share/texmf/tex/generic/pgf/utilities/pgffor.code.tex
Package: pgffor 2010/03/23 v2.10 (rcs-revision 1.18)
\pgffor@iter=\dimen206
\pgffor@skip=\dimen207
\pgffor@stack=\toks43
\pgffor@toks=\toks44
))
(/usr/share/texmf/tex/generic/pgf/frontendlayer/tikz/tikz.code.tex
Package: tikz 2010/10/13 v2.10 (rcs-revision 1.76)

(/usr/share/texmf/tex/generic/pgf/libraries/pgflibraryplothandlers.code.tex
File: pgflibraryplothandlers.code.tex 2010/05/31 v2.10 (rcs-revision 1.15)
\pgf@plot@mark@count=\count192
\pgfplotmarksize=\dimen208
)
\tikz@lastx=\dimen209
\tikz@lasty=\dimen210
\tikz@lastxsaved=\dimen211
\tikz@lastysaved=\dimen212
\tikzleveldistance=\dimen213
\tikzsiblingdistance=\dimen214
\tikz@figbox=\box58
\tikz@tempbox=\box59
\tikztreelevel=\count193
\tikznumberofchildren=\count194
\tikznumberofcurrentchild=\count195
\tikz@fig@count=\count196

(/usr/share/texmf/tex/generic/pgf/modules/pgfmodulematrix.code.tex
File: pgfmodulematrix.code.tex 2010/08/24  (rcs-revision 1.4)
\pgfmatrixcurrentrow=\count197
\pgfmatrixcurrentcolumn=\count198
\pgf@matrix@numberofcolumns=\count199
)
\tikz@expandcount=\count200

(/usr/share/texmf/tex/generic/pgf/frontendlayer/tikz/libraries/tikzlibrarytopat
hs.code.tex
File: tikzlibrarytopaths.code.tex 2008/06/17 v2.10 (rcs-revision 1.2)
)))
(/usr/share/texmf/tex/generic/pgf/frontendlayer/tikz/libraries/tikzlibraryposit
ioning.code.tex
File: tikzlibrarypositioning.code.tex 2008/10/06 v2.10 (rcs-revision 1.7)
)
(/usr/share/texmf/tex/generic/pgf/frontendlayer/tikz/libraries/tikzlibraryarrow
s.code.tex
File: tikzlibraryarrows.code.tex 2008/01/09 v2.10 (rcs-revision 1.1)

(/usr/share/texmf/tex/generic/pgf/libraries/pgflibraryarrows.code.tex
File: pgflibraryarrows.code.tex 2008/10/27 v2.10 (rcs-revision 1.9)
\arrowsize=\dimen215
))
(/usr/share/texmf/tex/generic/pgf/frontendlayer/tikz/libraries/tikzlibraryfit.c
ode.tex
File: tikzlibraryfit.code.tex 2008/06/21 v2.10 (rcs-revision 1.3)
)
(/usr/share/texmf/tex/generic/pgf/frontendlayer/tikz/libraries/tikzlibrarypetri
.code.tex
File: tikzlibrarypetri.code.tex 2008/06/18 v2.10 (rcs-revision 1.2)
)
(/usr/share/texmf/tex/generic/pgf/frontendlayer/tikz/libraries/tikzlibrarydecor
ations.markings.code.tex
(/usr/share/texmf/tex/generic/pgf/frontendlayer/tikz/libraries/tikzlibrarydecor
ations.code.tex
(/usr/share/texmf/tex/generic/pgf/modules/pgfmoduledecorations.code.tex
\pgfdecoratedcompleteddistance=\dimen216
\pgfdecoratedremainingdistance=\dimen217
\pgfdecoratedinputsegmentcompleteddistance=\dimen218
\pgfdecoratedinputsegmentremainingdistance=\dimen219
\pgf@decorate@distancetomove=\dimen220
\pgf@decorate@repeatstate=\count201
\pgfdecorationsegmentamplitude=\dimen221
\pgfdecorationsegmentlength=\dimen222
)
\tikz@lib@dec@box=\box60
)
(/usr/share/texmf/tex/generic/pgf/libraries/decorations/pgflibrarydecorations.m
arkings.code.tex))
(/usr/share/texmf/tex/generic/pgf/frontendlayer/tikz/libraries/tikzlibrarydecor
ations.pathmorphing.code.tex
(/usr/share/texmf/tex/generic/pgf/libraries/decorations/pgflibrarydecorations.p
athmorphing.code.tex))
(/usr/share/texmf/tex/generic/pgf/frontendlayer/tikz/libraries/tikzlibraryautom
ata.code.tex
File: tikzlibraryautomata.code.tex 2008/07/14 v2.10 (rcs-revision 1.3)

(/usr/share/texmf/tex/generic/pgf/frontendlayer/tikz/libraries/tikzlibraryshape
s.multipart.code.tex
File: tikzlibraryshapes.multipart.code.tex 2008/01/09 v2.10 (rcs-revision 1.1)

(/usr/share/texmf/tex/generic/pgf/libraries/shapes/pgflibraryshapes.multipart.c
ode.tex
File: pgflibraryshapes.multipart.code.tex 2010/01/07 v2.10 (rcs-revision 1.2)
\pgfnodepartlowerbox=\box61
\pgfnodeparttwobox=\box62
\pgfnodepartthreebox=\box63
\pgfnodepartfourbox=\box64
\pgfnodeparttwentybox=\box65
\pgfnodepartnineteenbox=\box66
\pgfnodeparteighteenbox=\box67
\pgfnodepartseventeenbox=\box68
\pgfnodepartsixteenbox=\box69
\pgfnodepartfifteenbox=\box70
\pgfnodepartfourteenbox=\box71
\pgfnodepartthirteenbox=\box72
\pgfnodeparttwelvebox=\box73
\pgfnodepartelevenbox=\box74
\pgfnodeparttenbox=\box75
\pgfnodepartninebox=\box76
\pgfnodeparteightbox=\box77
\pgfnodepartsevenbox=\box78
\pgfnodepartsixbox=\box79
\pgfnodepartfivebox=\box80
)))
(/usr/share/texmf/tex/generic/pgf/frontendlayer/tikz/libraries/tikzlibraryshape
s.code.tex
File: tikzlibraryshapes.code.tex 2008/01/09 v2.10 (rcs-revision 1.1)

(/usr/share/texmf/tex/generic/pgf/frontendlayer/tikz/libraries/tikzlibraryshape
s.geometric.code.tex
File: tikzlibraryshapes.geometric.code.tex 2008/01/09 v2.10 (rcs-revision 1.1)

(/usr/share/texmf/tex/generic/pgf/libraries/shapes/pgflibraryshapes.geometric.c
ode.tex
File: pgflibraryshapes.geometric.code.tex 2008/06/26 v2.10 (rcs-revision 1.1)
))
(/usr/share/texmf/tex/generic/pgf/frontendlayer/tikz/libraries/tikzlibraryshape
s.misc.code.tex
File: tikzlibraryshapes.misc.code.tex 2008/01/09 v2.10 (rcs-revision 1.1)

(/usr/share/texmf/tex/generic/pgf/libraries/shapes/pgflibraryshapes.misc.code.t
ex
File: pgflibraryshapes.misc.code.tex 2008/10/07 v2.10 (rcs-revision 1.3)
))
(/usr/share/texmf/tex/generic/pgf/frontendlayer/tikz/libraries/tikzlibraryshape
s.symbols.code.tex
File: tikzlibraryshapes.symbols.code.tex 2008/01/09 v2.10 (rcs-revision 1.1)

(/usr/share/texmf/tex/generic/pgf/libraries/shapes/pgflibraryshapes.symbols.cod
e.tex
File: pgflibraryshapes.symbols.code.tex 2009/10/27 v2.10 (rcs-revision 1.3)
))
(/usr/share/texmf/tex/generic/pgf/frontendlayer/tikz/libraries/tikzlibraryshape
s.arrows.code.tex
File: tikzlibraryshapes.arrows.code.tex 2008/01/09 v2.10 (rcs-revision 1.1)

(/usr/share/texmf/tex/generic/pgf/libraries/shapes/pgflibraryshapes.arrows.code
.tex
File: pgflibraryshapes.arrows.code.tex 2008/06/26 v2.10 (rcs-revision 1.1)
))
(/usr/share/texmf/tex/generic/pgf/frontendlayer/tikz/libraries/tikzlibraryshape
s.callouts.code.tex
(/usr/share/texmf/tex/generic/pgf/libraries/shapes/pgflibraryshapes.callouts.co
de.tex)))
(/usr/share/texmf/tex/generic/pgf/frontendlayer/tikz/libraries/tikzlibraryshado
ws.code.tex
File: tikzlibraryshadows.code.tex 2008/01/13 v2.10 (rcs-revision 1.3)

(/usr/share/texmf/tex/generic/pgf/frontendlayer/tikz/libraries/tikzlibraryfadin
gs.code.tex
File: tikzlibraryfadings.code.tex 2009/11/15 v2.10 (rcs-revision 1.2)

(/usr/share/texmf/tex/generic/pgf/libraries/pgflibraryfadings.code.tex
File: pgflibraryfadings.code.tex 2008/02/07 v2.10 (rcs-revision 1.3)
)))
(/usr/share/texmf/tex/generic/pgf/frontendlayer/tikz/libraries/tikzlibrarycalc.
code.tex
File: tikzlibrarycalc.code.tex 2009/09/04 v2.10 (rcs-revision 1.6)
)
\pgf@layerbox@l1=\box81
\pgf@layerboxsaved@l1=\box82
\pgf@layerbox@l2=\box83
\pgf@layerboxsaved@l2=\box84
\pgf@layerbox@l3=\box85
\pgf@layerboxsaved@l3=\box86
\pgf@layerbox@l4=\box87
\pgf@layerboxsaved@l4=\box88
\pgf@layerbox@l5=\box89
\pgf@layerboxsaved@l5=\box90
\pgf@layerbox@l6=\box91
\pgf@layerboxsaved@l6=\box92
\pgf@layerbox@l7=\box93
\pgf@layerboxsaved@l7=\box94
\pgf@layerbox@l8=\box95
\pgf@layerboxsaved@l8=\box96
\pgf@layerbox@l9=\box97
\pgf@layerboxsaved@l9=\box98
) (./templates/tikzuml.sty)
(/usr/share/texlive/texmf-dist/tex/latex/siunitx/siunitx.sty
(/usr/share/texlive/texmf-dist/tex/latex/l3kernel/expl3.sty
(/usr/share/texlive/texmf-dist/tex/latex/l3kernel/l3names.sty
(/usr/share/texlive/texmf-dist/tex/latex/l3kernel/l3bootstrap.sty
Package: l3bootstrap 2011/12/29 v3110 L3 Experimental bootstrap code
)
Package: l3names 2012/03/04 v3494 L3 Experimental namespace for primitives
)
(/usr/share/texlive/texmf-dist/tex/latex/etex-pkg/etex.sty
Package: etex 1998/03/26 v2.0 eTeX basic definition package (PEB)
\et@xins=\count202
)
Package: expl3 2012/04/23 v3570 L3 Experimental code bundle wrapper

(/usr/share/texlive/texmf-dist/tex/latex/l3kernel/l3basics.sty
Package: l3basics 2012/03/04 v3491 L3 Experimental basic definitions
)
(/usr/share/texlive/texmf-dist/tex/latex/l3kernel/l3expan.sty
Package: l3expan 2012/02/26 v3460 L3 Experimental argument expansion
)
(/usr/share/texlive/texmf-dist/tex/latex/l3kernel/l3tl.sty
Package: l3tl 2012/03/04 v3490 L3 Experimental token lists
)
(/usr/share/texlive/texmf-dist/tex/latex/l3kernel/l3seq.sty
Package: l3seq 2012/03/04 v3490 L3 Experimental sequences and stacks
)
(/usr/share/texlive/texmf-dist/tex/latex/l3kernel/l3int.sty
Package: l3int 2012/03/04 v3490 L3 Experimental integers
Normal \count register pool exhausted, switching to extended pool.
\c_max_int=\count277
\l_tmpa_int=\count278
\l_tmpb_int=\count279
\l_tmpc_int=\count280
\g_tmpa_int=\count281
\g_tmpb_int=\count282
)
(/usr/share/texlive/texmf-dist/tex/latex/l3kernel/l3quark.sty
Package: l3quark 2012/02/12 v3384 L3 Experimental quarks
)
(/usr/share/texlive/texmf-dist/tex/latex/l3kernel/l3prg.sty
Package: l3prg 2012/03/04 v3490 L3 Experimental control structures
\g_prg_map_int=\count283
)
(/usr/share/texlive/texmf-dist/tex/latex/l3kernel/l3clist.sty
Package: l3clist 2012/03/04 v3490 L3 Experimental comma separated lists
)
(/usr/share/texlive/texmf-dist/tex/latex/l3kernel/l3token.sty
Package: l3token 2012/03/04 v3491 L3 Experimental token manipulation
)
(/usr/share/texlive/texmf-dist/tex/latex/l3kernel/l3prop.sty
Package: l3prop 2012/03/04 v3490 L3 Experimental property lists
)
(/usr/share/texlive/texmf-dist/tex/latex/l3kernel/l3msg.sty
Package: l3msg 2012/04/23 v3568 L3 Experimental messages
)
(/usr/share/texlive/texmf-dist/tex/latex/l3kernel/l3file.sty
Package: l3file 2012/03/09 v3520 L3 Experimental file and I/O operations
\l_iow_stream_int=\count284
\l_iow_line_length_int=\count285
\l_iow_target_length_int=\count286
\l_iow_current_line_int=\count287
\l_iow_current_word_int=\count288
\l_iow_current_indentation_int=\count289
)
(/usr/share/texlive/texmf-dist/tex/latex/l3kernel/l3skip.sty
Package: l3skip 2012/03/05 v3499 L3 Experimental dimensions and skips
Normal \dimen register pool exhausted, switching to extended pool.
\l_tmpa_dim=\dimen256
\l_tmpb_dim=\dimen257
\l_tmpc_dim=\dimen258
\g_tmpa_dim=\dimen259
\g_tmpb_dim=\dimen260
\l_tmpa_skip=\skip63
\l_tmpb_skip=\skip64
\l_tmpc_skip=\skip65
\g_tmpa_skip=\skip66
\g_tmpb_skip=\skip67
)
(/usr/share/texlive/texmf-dist/tex/latex/l3kernel/l3keys.sty
Package: l3keys 2012/03/03 v3487 L3 Experimental key-value interfaces
\g_keyval_level_int=\count290
\l_keys_choice_int=\count291
)
(/usr/share/texlive/texmf-dist/tex/latex/l3kernel/l3fp.sty
Package: l3fp 2012/03/04 v3490 L3 Experimental floating-point operations
\c_one_million=\count292
\c_one_hundred_million=\count293
\c_five_hundred_million=\count294
\c_one_thousand_million=\count295
\c_fp_pi_by_four_decimal_int=\count296
\c_fp_pi_by_four_extended_int=\count297
\c_fp_pi_decimal_int=\count298
\c_fp_pi_extended_int=\count299
\c_fp_two_pi_decimal_int=\count300
\c_fp_two_pi_extended_int=\count301
\l_fp_count_int=\count302
\l_fp_div_offset_int=\count303
\l_fp_exp_integer_int=\count304
\l_fp_exp_decimal_int=\count305
\l_fp_exp_extended_int=\count306
\l_fp_exp_exponent_int=\count307
\l_fp_input_a_sign_int=\count308
\l_fp_input_a_integer_int=\count309
\l_fp_input_a_decimal_int=\count310
\l_fp_input_a_exponent_int=\count311
\l_fp_input_b_sign_int=\count312
\l_fp_input_b_integer_int=\count313
\l_fp_input_b_decimal_int=\count314
\l_fp_input_b_exponent_int=\count315
\l_fp_input_a_extended_int=\count316
\l_fp_input_b_extended_int=\count317
\l_fp_mul_a_i_int=\count318
\l_fp_mul_a_ii_int=\count319
\l_fp_mul_a_iii_int=\count320
\l_fp_mul_a_iv_int=\count321
\l_fp_mul_a_v_int=\count322
\l_fp_mul_a_vi_int=\count323
\l_fp_mul_b_i_int=\count324
\l_fp_mul_b_ii_int=\count325
\l_fp_mul_b_iii_int=\count326
\l_fp_mul_b_iv_int=\count327
\l_fp_mul_b_v_int=\count328
\l_fp_mul_b_vi_int=\count329
\l_fp_mul_output_int=\count330
\l_fp_output_sign_int=\count331
\l_fp_output_integer_int=\count332
\l_fp_output_decimal_int=\count333
\l_fp_output_exponent_int=\count334
\l_fp_output_extended_int=\count335
\l_fp_round_position_int=\count336
\l_fp_round_target_int=\count337
\l_fp_split_sign_int=\count338
\l_fp_internal_int=\count339
\l_fp_trig_octant_int=\count340
\l_fp_trig_sign_int=\count341
\l_fp_trig_decimal_int=\count342
\l_fp_trig_extended_int=\count343
\l_fp_internal_dim=\dimen261
\l_fp_internal_skip=\skip68
)
(/usr/share/texlive/texmf-dist/tex/latex/l3kernel/l3box.sty
Package: l3box 2012/03/04 v3490 L3 Experimental boxes
\l_tmpb_box=\box99
\l_box_top_dim=\dimen262
\l_box_bottom_dim=\dimen263
\l_box_left_dim=\dimen264
\l_box_right_dim=\dimen265
\l_box_top_new_dim=\dimen266
\l_box_bottom_new_dim=\dimen267
\l_box_left_new_dim=\dimen268
\l_box_right_new_dim=\dimen269
\l_box_internal_box=\box100
)
(/usr/share/texlive/texmf-dist/tex/latex/l3kernel/l3coffins.sty
Package: l3coffins 2012/03/03 v3482 L3 Experimental coffin code layer
\l_coffin_internal_box=\box101
\l_coffin_internal_dim=\dimen270
\l_coffin_offset_x_dim=\dimen271
\l_coffin_offset_y_dim=\dimen272
\l_coffin_x_dim=\dimen273
\l_coffin_y_dim=\dimen274
\l_coffin_x_prime_dim=\dimen275
\l_coffin_y_prime_dim=\dimen276
\l_coffin_Depth_dim=\dimen277
\l_coffin_Height_dim=\dimen278
\l_coffin_TotalHeight_dim=\dimen279
\l_coffin_Width_dim=\dimen280
\c_empty_coffin=\box102
\l_coffin_aligned_coffin=\box103
\l_coffin_aligned_internal_coffin=\box104
\l_coffin_bounding_shift_dim=\dimen281
\l_coffin_left_corner_dim=\dimen282
\l_coffin_right_corner_dim=\dimen283
\l_coffin_bottom_corner_dim=\dimen284
\l_coffin_top_corner_dim=\dimen285
\l_coffin_scaled_total_height_dim=\dimen286
\l_coffin_scaled_width_dim=\dimen287
\l_coffin_display_coffin=\box105
\l_coffin_display_coord_coffin=\box106
\l_coffin_display_pole_coffin=\box107
\l_coffin_display_offset_dim=\dimen288
\l_coffin_display_x_dim=\dimen289
\l_coffin_display_y_dim=\dimen290
)
(/usr/share/texlive/texmf-dist/tex/latex/l3kernel/l3color.sty
Package: l3color 2011/09/07 v2776 L3 Experimental colour support
)
(/usr/share/texlive/texmf-dist/tex/latex/l3kernel/l3luatex.sty
Package: l3luatex 2012/02/09 v3355 L3 Experimental LuaTeX-specific functions
\g_cctab_allocate_int=\count344
\g_cctab_stack_int=\count345
))
Package: siunitx 2012/05/03 v2.5c A comprehensive (SI) units package

(/usr/share/texlive/texmf-dist/tex/latex/tools/array.sty
Package: array 2008/09/09 v2.4c Tabular extension package (FMi)
\col@sep=\dimen291
\extrarowheight=\dimen292
\NC@list=\toks45
\extratabsurround=\skip69
\backup@length=\skip70
)
(/usr/share/texlive/texmf-dist/tex/latex/l3packages/l3keys2e/l3keys2e.sty
(/usr/share/texlive/texmf-dist/tex/latex/l3packages/xparse/xparse.sty
Package: xparse 2012/04/23 v3570 L3 Experimental document command parser
\l_xparse_current_arg_int=\count346
\l_xparse_m_args_int=\count347
\l_xparse_mandatory_args_int=\count348
\l_xparse_processor_int=\count349
\l_xparse_v_nesting_int=\count350
)
Package: l3keys2e 2012/04/23 v3570 LaTeX2e option processing using LaTeX3 keys
)
\l_siunitx_tmp_box=\box108
\l_siunitx_tmp_dim=\dimen293
\l_siunitx_tmp_int=\count351
Variant \prop_get:NVNT already defined; not changing it on line 360
Variant \prop_get:NVNF already defined; not changing it on line 361
Variant \prop_get:NVNTF already defined; not changing it on line 362
\l_siunitx_number_mantissa_length_int=\count352
\l_siunitx_number_uncert_length_int=\count353
\l_siunitx_round_int=\count354
\l_siunitx_process_decimal_int=\count355
\l_siunitx_process_uncertainty_int=\count356
\l_siunitx_process_fixed_int=\count357
\l_siunitx_process_integer_min_int=\count358
\l_siunitx_process_precision_int=\count359
\l_siunitx_group_min_int=\count360
\l_siunitx_angle_marker_box=\box109
\l_siunitx_angle_unit_box=\box110
\l_siunitx_angle_marker_dim=\dimen294
\l_siunitx_angle_unit_dim=\dimen295
\l_siunitx_unit_int=\count361
\l_siunitx_unit_denominator_int=\count362
\l_siunitx_unit_numerator_int=\count363
\l_siunitx_unit_prefix_int=\count364
\l_siunitx_unit_prefix_base_int=\count365
\l_siunitx_unit_prefix_gram_int=\count366
\l_siunitx_number_product_int=\count367
\c_siunitx_one_fill_skip=\skip71
\l_siunitx_table_unit_align_skip=\skip72
\l_siunitx_table_exponent_dim=\dimen296
\l_siunitx_table_integer_dim=\dimen297
\l_siunitx_table_mantissa_dim=\dimen298
\l_siunitx_table_marker_dim=\dimen299
\l_siunitx_table_result_dim=\dimen300
\l_siunitx_table_uncert_dim=\dimen301
\l_siunitx_table_fill_pre_dim=\dimen302
\l_siunitx_table_fill_post_dim=\dimen303
\l_siunitx_table_fill_mid_dim=\dimen304
\l_siunitx_table_pre_box=\box111
\l_siunitx_table_post_box=\box112
\l_siunitx_table_mantissa_box=\box113
\l_siunitx_table_result_box=\box114
\l_siunitx_table_number_align_skip=\skip73
\l_siunitx_table_text_align_skip=\skip74
.................................................
. LaTeX info: "xparse/define-command"
. 
. Defining document command \DeclareBinaryPrefix with arg. spec. 'mmm' on line
. 7037.
.................................................
.................................................
. LaTeX info: "xparse/define-command"
. 
. Defining document command \DeclareSIPostPower with arg. spec. 'mm' on line
. 7040.
.................................................
.................................................
. LaTeX info: "xparse/define-command"
. 
. Defining document command \DeclareSIPrefix with arg. spec. 'mmm' on line
. 7043.
.................................................
.................................................
. LaTeX info: "xparse/define-command"
. 
. Defining document command \DeclareSIPrePower with arg. spec. 'mm' on line
. 7046.
.................................................
.................................................
. LaTeX info: "xparse/define-command"
. 
. Defining document command \DeclareSIQualifier with arg. spec. 'mm' on line
. 7049.
.................................................
.................................................
. LaTeX info: "xparse/define-command"
. 
. Defining document command \DeclareSIUnit with arg. spec. 'O{}mm' on line
. 7052.
.................................................
.................................................
. LaTeX info: "xparse/define-command"
. 
. Defining document command \DeclareSIUnitWithOptions with arg. spec. 'mmm' on
. line 7055.
.................................................
.................................................
. LaTeX info: "xparse/define-command"
. 
. Defining document command \ang with arg. spec. 'o>{\SplitArgument {2}{;}}m'
. on line 7070.
.................................................
.................................................
. LaTeX info: "xparse/define-command"
. 
. Defining document command \num with arg. spec. 'om' on line 7078.
.................................................
.................................................
. LaTeX info: "xparse/define-command"
. 
. Defining document command \numlist with arg. spec. 'o>{\SplitList {;}}m' on
. line 7086.
.................................................
.................................................
. LaTeX info: "xparse/define-command"
. 
. Defining document command \numrange with arg. spec. 'omm' on line 7094.
.................................................
.................................................
. LaTeX info: "xparse/define-command"
. 
. Defining document command \SIlist with arg. spec. 'o>{\SplitList {;}}mm' on
. line 7105.
.................................................
.................................................
. LaTeX info: "xparse/define-command"
. 
. Defining document command \SIrange with arg. spec. 'ommm' on line 7116.
.................................................
.................................................
. LaTeX info: "xparse/define-command"
. 
. Defining document command \SI with arg. spec. 'omom' on line 7127.
.................................................
.................................................
. LaTeX info: "xparse/define-command"
. 
. Defining document command \sisetup with arg. spec. 'm' on line 7130.
.................................................
.................................................
. LaTeX info: "xparse/define-command"
. 
. Defining document command \tablenum with arg. spec. 'om' on line 7142.
.................................................
.................................................
. LaTeX info: "xparse/define-command"
. 
. Defining document command \si with arg. spec. 'om' on line 7153.
.................................................
.................................................
. LaTeX info: "xparse/define-command"
. 
. Defining document command \siunitx_bookmark_num:w with arg. spec. 'om' on
. line 7197.
.................................................
.................................................
. LaTeX info: "xparse/define-command"
. 
. Defining document command \siunitx_bookmark_numrange:w with arg. spec. 'omm'
. on line 7199.
.................................................
.................................................
. LaTeX info: "xparse/define-command"
. 
. Defining document command \siunitx_bookmark_SI:w with arg. spec. 'omom' on
. line 7201.
.................................................
.................................................
. LaTeX info: "xparse/define-command"
. 
. Defining document command \siunitx_bookmark_SIlist:w with arg. spec. 'omm'
. on line 7203.
.................................................
.................................................
. LaTeX info: "xparse/define-command"
. 
. Defining document command \siunitx_bookmark_SIrange:w with arg. spec. 'ommm'
. on line 7205.
.................................................
.................................................
. LaTeX info: "xparse/define-command"
. 
. Defining document command \siunitx_bookmark_si:w with arg. spec. 'om' on
. line 7206.
.................................................
\g_ior_internal_ior=\read3
)
(/usr/share/texlive/texmf-dist/tex/latex/psnfss/times.sty
Package: times 2005/04/12 PSNFSS-v9.2a (SPQR) 
)
(/usr/share/texlive/texmf-dist/tex/latex/csquotes/csquotes.sty
Package: csquotes 2011/10/22 v5.1d context-sensitive quotations

(/usr/share/texmf/tex/latex/etoolbox/etoolbox.sty
Package: etoolbox 2011/01/03 v2.1 e-TeX tools for LaTeX
\etb@tempcnta=\count368
)
\csq@reset=\count369
\csq@gtype=\count370
\csq@glevel=\count371
\csq@qlevel=\count372
\csq@maxlvl=\count373
\csq@tshold=\count374
\csq@ltx@everypar=\toks46

(/usr/share/texlive/texmf-dist/tex/latex/csquotes/csquotes.def
File: csquotes.def 2011/10/22 v5.1d csquotes generic definitions
)
Package csquotes Info: Trying to load configuration file 'csquotes.cfg'...
Package csquotes Info: ... configuration file loaded successfully.

(/usr/share/texlive/texmf-dist/tex/latex/csquotes/csquotes.cfg
File: csquotes.cfg 
))
Package csquotes Info: Disabling multilingual quotes.
Package csquotes Info: Redefining alias 'default' -> 'american'.

(/usr/share/texmf/tex/latex/biblatex/biblatex.sty
Package: biblatex 2011/11/13 v1.7 programmable bibliographies

(/usr/share/texmf/tex/latex/logreq/logreq.sty
Package: logreq 2010/08/04 v1.0 xml request logger
\lrq@indent=\count375

(/usr/share/texmf/tex/latex/logreq/logreq.def
File: logreq.def 2010/08/04 v1.0 logreq spec v1.0
))
\c@listtotal=\count376
\c@listcount=\count377
\c@liststart=\count378
\c@liststop=\count379
\c@citecount=\count380
\c@citetotal=\count381
\c@multicitecount=\count382
\c@multicitetotal=\count383
\c@instcount=\count384
\c@maxnames=\count385
\c@minnames=\count386
\c@maxitems=\count387
\c@minitems=\count388
\c@citecounter=\count389
\c@savedcitecounter=\count390
\c@uniquelist=\count391
\c@uniquename=\count392
\c@refsection=\count393
\c@refsegment=\count394
\c@maxextrayear=\count395
\c@maxextraalpha=\count396
\c@abbrvpenalty=\count397
\c@highnamepenalty=\count398
\c@lownamepenalty=\count399
\c@maxparens=\count400
\c@parenlevel=\count401
\blx@tempcnta=\count402
\blx@tempcntb=\count403
\blx@tempcntc=\count404
\blx@maxsection=\count405
\blx@maxsegment=\count406
\blx@notetype=\count407
\blx@parenlevel@text=\count408
\blx@parenlevel@foot=\count409
\labelnumberwidth=\skip75
\labelalphawidth=\skip76
\shorthandwidth=\skip77
\biblabelsep=\skip78
\bibitemsep=\skip79
\bibnamesep=\skip80
\bibinitsep=\skip81
\bibparsep=\skip82
\bibhang=\skip83
\blx@auxin=\read4
\blx@auxout=\write5
\c@mincomprange=\count410
\c@maxcomprange=\count411
\c@mincompwidth=\count412
\c@labelname=\count413
\c@savedlabelname=\count414
\c@author=\count415
\c@savedauthor=\count416
\c@shortauthor=\count417
\c@savedshortauthor=\count418
\c@editor=\count419
\c@savededitor=\count420
\c@editora=\count421
\c@savededitora=\count422
\c@editorb=\count423
\c@savededitorb=\count424
\c@editorc=\count425
\c@savededitorc=\count426
\c@shorteditor=\count427
\c@savedshorteditor=\count428
\c@bookauthor=\count429
\c@savedbookauthor=\count430
\c@translator=\count431
\c@savedtranslator=\count432
\c@annotator=\count433
\c@savedannotator=\count434
\c@commentator=\count435
\c@savedcommentator=\count436
\c@introduction=\count437
\c@savedintroduction=\count438
\c@foreword=\count439
\c@savedforeword=\count440
\c@afterword=\count441
\c@savedafterword=\count442
\c@holder=\count443
\c@savedholder=\count444
\c@namea=\count445
\c@savednamea=\count446
\c@nameb=\count447
\c@savednameb=\count448
\c@namec=\count449
\c@savednamec=\count450
\c@institution=\count451
\c@savedinstitution=\count452
\c@language=\count453
\c@savedlanguage=\count454
\c@location=\count455
\c@savedlocation=\count456
\c@organization=\count457
\c@savedorganization=\count458
\c@origlocation=\count459
\c@savedoriglocation=\count460
\c@origpublisher=\count461
\c@savedorigpublisher=\count462
\c@pageref=\count463
\c@savedpageref=\count464
\c@publisher=\count465
\c@savedpublisher=\count466
\c@lista=\count467
\c@savedlista=\count468
\c@listb=\count469
\c@savedlistb=\count470
\c@listc=\count471
\c@savedlistc=\count472
\c@listd=\count473
\c@savedlistd=\count474
\c@liste=\count475
\c@savedliste=\count476
\c@listf=\count477
\c@savedlistf=\count478
Package biblatex Info: Trying to load compatibility code...
Package biblatex Info: ... file 'blx-compat.def' found.

(/usr/share/texmf/tex/latex/biblatex/blx-compat.def
File: blx-compat.def 2011/11/13 v1.7 biblatex generic compatibility
)
Package biblatex Info: Trying to load generic definitions...
Package biblatex Info: ... file 'biblatex.def' found.

(/usr/share/texmf/tex/latex/biblatex/biblatex.def
File: biblatex.def 2011/11/13 v1.7 biblatex generic definitions
\c@biburlnumpenalty=\count479
\c@biburlucpenalty=\count480
\c@biburllcpenalty=\count481
\c@smartand=\count482
)
Package biblatex Info: Trying to load bibliography style 'numeric'...
Package biblatex Info: ... file 'numeric.bbx' found.

(/usr/share/texmf/tex/latex/biblatex/bbx/numeric.bbx
File: numeric.bbx 2011/11/13 v1.7 biblatex bibliography style
Package biblatex Info: Trying to load bibliography style 'standard'...
Package biblatex Info: ... file 'standard.bbx' found.

(/usr/share/texmf/tex/latex/biblatex/bbx/standard.bbx
File: standard.bbx 2011/11/13 v1.7 biblatex bibliography style
))
Package biblatex Info: Trying to load citation style 'authortitle'...
Package biblatex Info: ... file 'authortitle.cbx' found.

(/usr/share/texmf/tex/latex/biblatex/cbx/authortitle.cbx
File: authortitle.cbx 2011/11/13 v1.7 biblatex citation style
Package biblatex Info: Redefining '\cite'.
Package biblatex Info: Redefining '\parencite'.
Package biblatex Info: Redefining '\footcite'.
Package biblatex Info: Redefining '\footcitetext'.
Package biblatex Info: Redefining '\smartcite'.
Package biblatex Info: Redefining '\textcite'.
)
Package biblatex Info: Trying to load configuration file...
Package biblatex Info: ... file 'biblatex.cfg' found.

(/usr/share/texmf/tex/latex/biblatex/biblatex.cfg
File: biblatex.cfg 
))
(/usr/share/texlive/texmf-dist/tex/latex/tools/verbatim.sty
Package: verbatim 2003/08/22 v1.5q LaTeX2e package for verbatim enhancements
\every@verbatim=\toks47
\verbatim@line=\toks48
\verbatim@in@stream=\read5
)
\c@lem=\count483
\c@prop=\count484
\c@remark=\count485
\c@coro=\count486
\c@defi=\count487
Package biblatex Info: Trying to load language 'american'...
Package biblatex Info: ... file 'american.lbx' found.

(/usr/share/texmf/tex/latex/biblatex/lbx/american.lbx
File: american.lbx 2011/11/13 v1.7 biblatex localization
Package biblatex Info: Trying to load language 'english'...
Package biblatex Info: ... file 'english.lbx' found.

(/usr/share/texmf/tex/latex/biblatex/lbx/english.lbx
File: english.lbx 2011/11/13 v1.7 biblatex localization
))

Package biblatex Warning: Patching footnotes failed.
(biblatex)                Footnote detection will not work.

(./PIMRC14.aux)
\openout1 = `PIMRC14.aux'.

LaTeX Font Info:    Checking defaults for OML/cmm/m/it on input line 116.
LaTeX Font Info:    ... okay on input line 116.
LaTeX Font Info:    Checking defaults for T1/cmr/m/n on input line 116.
LaTeX Font Info:    ... okay on input line 116.
LaTeX Font Info:    Checking defaults for OT1/cmr/m/n on input line 116.
LaTeX Font Info:    ... okay on input line 116.
LaTeX Font Info:    Checking defaults for OMS/cmsy/m/n on input line 116.
LaTeX Font Info:    ... okay on input line 116.
LaTeX Font Info:    Checking defaults for OMX/cmex/m/n on input line 116.
LaTeX Font Info:    ... okay on input line 116.
LaTeX Font Info:    Checking defaults for U/cmr/m/n on input line 116.
LaTeX Font Info:    ... okay on input line 116.
LaTeX Font Info:    Checking defaults for PD1/pdf/m/n on input line 116.
LaTeX Font Info:    ... okay on input line 116.
LaTeX Font Info:    Try loading font information for OT1+phv on input line 116.

 (/usr/share/texlive/texmf-dist/tex/latex/psnfss/ot1phv.fd
File: ot1phv.fd 2001/06/04 scalable font definitions for OT1/phv.
)
LaTeX Font Info:    Font shape `OT1/phv/m/n' will be
(Font)              scaled to size 11.03998pt on input line 116.

*geometry* driver: auto-detecting
*geometry* detected driver: pdftex
*geometry* verbose mode - [ preamble ] result:
* driver: pdftex
* paper: custom
* layout: <same size as paper>
* layoutoffset:(h,v)=(0.0pt,0.0pt)
* modes: includehead includefoot 
* h-part:(L,W,R)=(17.07164pt, 330.05208pt, 17.07164pt)
* v-part:(T,H,B)=(0.0pt, 273.14662pt, 0.0pt)
* \paperwidth=364.19536pt
* \paperheight=273.14662pt
* \textwidth=330.05208pt
* \textheight=244.6939pt
* \oddsidemargin=-55.19835pt
* \evensidemargin=-55.19835pt
* \topmargin=-72.26999pt
* \headheight=14.22636pt
* \headsep=0.0pt
* \topskip=12.0pt
* \footskip=14.22636pt
* \marginparwidth=4.0pt
* \marginparsep=10.0pt
* \columnsep=10.0pt
* \skip\footins=10.8pt plus 4.0pt minus 2.0pt
* \hoffset=0.0pt
* \voffset=0.0pt
* \mag=1000
* \@twocolumnfalse
* \@twosidefalse
* \@mparswitchfalse
* \@reversemarginfalse
* (1in=72.27pt=25.4mm, 1cm=28.453pt)

(/usr/share/texlive/texmf-dist/tex/context/base/supp-pdf.mkii
[Loading MPS to PDF converter (version 2006.09.02).]
\scratchcounter=\count488
\scratchdimen=\dimen305
\scratchbox=\box115
\nofMPsegments=\count489
\nofMParguments=\count490
\everyMPshowfont=\toks49
\MPscratchCnt=\count491
\MPscratchDim=\dimen306
\MPnumerator=\count492
\makeMPintoPDFobject=\count493
\everyMPtoPDFconversion=\toks50
) (/usr/share/texlive/texmf-dist/tex/latex/oberdiek/epstopdf-base.sty
Package: epstopdf-base 2010/02/09 v2.5 Base part for package epstopdf

(/usr/share/texlive/texmf-dist/tex/latex/oberdiek/grfext.sty
Package: grfext 2010/08/19 v1.1 Manage graphics extensions (HO)
)
Package grfext Info: Graphics extension search list:
(grfext)             [.png,.pdf,.jpg,.mps,.jpeg,.jbig2,.jb2,.PNG,.PDF,.JPG,.JPE
G,.JBIG2,.JB2,.eps]
(grfext)             \AppendGraphicsExtensions on input line 452.

(/usr/share/texlive/texmf-dist/tex/latex/latexconfig/epstopdf-sys.cfg
File: epstopdf-sys.cfg 2010/07/13 v1.3 Configuration of (r)epstopdf for TeX Liv
e
))
ABD: EveryShipout initializing macros
\AtBeginShipoutBox=\box116
Package hyperref Info: Link coloring OFF on input line 116.

(/usr/share/texlive/texmf-dist/tex/latex/hyperref/nameref.sty
Package: nameref 2010/04/30 v2.40 Cross-referencing by name of section

(/usr/share/texlive/texmf-dist/tex/generic/oberdiek/gettitlestring.sty
Package: gettitlestring 2010/12/03 v1.4 Cleanup title references (HO)
)
\c@section@level=\count494
)
LaTeX Info: Redefining \ref on input line 116.
LaTeX Info: Redefining \pageref on input line 116.
LaTeX Info: Redefining \nameref on input line 116.

(./PIMRC14.out) (./PIMRC14.out)
\@outlinefile=\write6
\openout6 = `PIMRC14.out'.

LaTeX Font Info:    Overwriting symbol font `operators' in version `normal'
(Font)                  OT1/cmr/m/n --> OT1/cmss/m/n on input line 116.
LaTeX Font Info:    Overwriting symbol font `operators' in version `bold'
(Font)                  OT1/cmr/bx/n --> OT1/cmss/bx/n on input line 116.
\symnumbers=\mathgroup6
\sympureletters=\mathgroup7
LaTeX Font Info:    Overwriting math alphabet `\mathrm' in version `normal'
(Font)                  OT1/cmss/m/n --> OT1/ptm/m/n on input line 116.
LaTeX Font Info:    Redeclaring math alphabet \mathbf on input line 116.
LaTeX Font Info:    Overwriting math alphabet `\mathbf' in version `normal'
(Font)                  OT1/cmr/bx/n --> OT1/phv/bx/n on input line 116.
LaTeX Font Info:    Overwriting math alphabet `\mathbf' in version `bold'
(Font)                  OT1/cmr/bx/n --> OT1/phv/bx/n on input line 116.
LaTeX Font Info:    Redeclaring math alphabet \mathsf on input line 116.
LaTeX Font Info:    Overwriting math alphabet `\mathsf' in version `normal'
(Font)                  OT1/cmss/m/n --> OT1/phv/m/n on input line 116.
LaTeX Font Info:    Overwriting math alphabet `\mathsf' in version `bold'
(Font)                  OT1/cmss/bx/n --> OT1/phv/m/n on input line 116.
LaTeX Font Info:    Redeclaring math alphabet \mathit on input line 116.
LaTeX Font Info:    Overwriting math alphabet `\mathit' in version `normal'
(Font)                  OT1/cmr/m/it --> OT1/phv/m/it on input line 116.
LaTeX Font Info:    Overwriting math alphabet `\mathit' in version `bold'
(Font)                  OT1/cmr/bx/it --> OT1/phv/m/it on input line 116.
LaTeX Font Info:    Redeclaring math alphabet \mathtt on input line 116.
LaTeX Font Info:    Overwriting math alphabet `\mathtt' in version `normal'
(Font)                  OT1/cmtt/m/n --> OT1/pcr/m/n on input line 116.
LaTeX Font Info:    Overwriting math alphabet `\mathtt' in version `bold'
(Font)                  OT1/cmtt/m/n --> OT1/pcr/m/n on input line 116.
LaTeX Font Info:    Overwriting symbol font `numbers' in version `bold'
(Font)                  OT1/phv/m/n --> OT1/phv/bx/n on input line 116.
LaTeX Font Info:    Overwriting symbol font `pureletters' in version `bold'
(Font)                  OT1/phv/m/it --> OT1/phv/bx/it on input line 116.
LaTeX Font Info:    Overwriting math alphabet `\mathrm' in version `bold'
(Font)                  OT1/cmss/bx/n --> OT1/ptm/bx/n on input line 116.
LaTeX Font Info:    Overwriting math alphabet `\mathbf' in version `bold'
(Font)                  OT1/phv/bx/n --> OT1/phv/bx/n on input line 116.
LaTeX Font Info:    Overwriting math alphabet `\mathsf' in version `bold'
(Font)                  OT1/phv/m/n --> OT1/phv/bx/n on input line 116.
LaTeX Font Info:    Overwriting math alphabet `\mathit' in version `bold'
(Font)                  OT1/phv/m/it --> OT1/phv/bx/it on input line 116.
LaTeX Font Info:    Overwriting math alphabet `\mathtt' in version `bold'
(Font)                  OT1/pcr/m/n --> OT1/pcr/bx/n on input line 116.

(/usr/share/texmf/tex/latex/beamer/base/translator/dicts/translator-basic-dicti
onary/translator-basic-dictionary-English.dict
Dictionary: translator-basic-dictionary, Language: English 
)
(/usr/share/texmf/tex/latex/beamer/base/translator/dicts/translator-bibliograph
y-dictionary/translator-bibliography-dictionary-English.dict
Dictionary: translator-bibliography-dictionary, Language: English 
)
(/usr/share/texmf/tex/latex/beamer/base/translator/dicts/translator-environment
-dictionary/translator-environment-dictionary-English.dict
Dictionary: translator-environment-dictionary, Language: English 
)
(/usr/share/texmf/tex/latex/beamer/base/translator/dicts/translator-months-dict
ionary/translator-months-dictionary-English.dict
Dictionary: translator-months-dictionary, Language: English 
)
(/usr/share/texmf/tex/latex/beamer/base/translator/dicts/translator-numbers-dic
tionary/translator-numbers-dictionary-English.dict
Dictionary: translator-numbers-dictionary, Language: English 
)
(/usr/share/texmf/tex/latex/beamer/base/translator/dicts/translator-theorem-dic
tionary/translator-theorem-dictionary-English.dict
Dictionary: translator-theorem-dictionary, Language: English 
)
Package caption Info: Begin \AtBeginDocument code.
Package caption Info: subfig package v1.3 is loaded.
Package caption Info: End \AtBeginDocument code.

(/usr/share/texlive/texmf-dist/tex/latex/siunitx/config/siunitx-abbreviations.c
fg
File: siunitx-abbreviations.cfg 2012/05/03 v2.5c siunitx: Abbreviated units
) (/usr/share/texlive/texmf-dist/tex/latex/siunitx/config/siunitx-binary.cfg
File: siunitx-binary.cfg 2012/05/03 v2.5c siunitx: Binary units
)
Package biblatex Info: No input encoding detected.
(biblatex)             Assuming 'ascii'.
Package biblatex Info: Automatic encoding selection.
(biblatex)             Assuming data encoding 'ascii'.
\openout5 = `PIMRC14.bcf'.

Package biblatex Info: Trying to load bibliographic data...
Package biblatex Info: ... file 'PIMRC14.bbl' found.
(./PIMRC14.bbl)
Package biblatex Info: Reference section=0 on input line 116.
Package biblatex Info: Reference segment=0 on input line 116.
 (./PIMRC14.nav)
LaTeX Font Info:    Font shape `OT1/phv/m/n' will be
(Font)              scaled to size 5.51999pt on input line 116.
LaTeX Font Info:    Font shape `OT1/phv/bx/n' in size <6> not available
(Font)              Font shape `OT1/phv/b/n' tried instead on input line 116.
LaTeX Font Info:    Font shape `OT1/phv/b/n' will be
(Font)              scaled to size 5.51999pt on input line 116.
LaTeX Font Info:    Try loading font information for U+msa on input line 116.

(/usr/share/texlive/texmf-dist/tex/latex/amsfonts/umsa.fd
File: umsa.fd 2009/06/22 v3.00 AMS symbols A
)
LaTeX Font Info:    Try loading font information for U+msb on input line 116.

(/usr/share/texlive/texmf-dist/tex/latex/amsfonts/umsb.fd
File: umsb.fd 2009/06/22 v3.00 AMS symbols B
)
LaTeX Font Info:    Font shape `OT1/phv/m/n' will be
(Font)              scaled to size 4.59999pt on input line 116.
LaTeX Font Info:    Font shape `OT1/phv/m/it' in size <6> not available
(Font)              Font shape `OT1/phv/m/sl' tried instead on input line 116.
LaTeX Font Info:    Font shape `OT1/phv/m/sl' will be
(Font)              scaled to size 5.51999pt on input line 116.
LaTeX Font Info:    Font shape `OT1/phv/m/it' in size <5> not available
(Font)              Font shape `OT1/phv/m/sl' tried instead on input line 116.
LaTeX Font Info:    Font shape `OT1/phv/m/sl' will be
(Font)              scaled to size 4.59999pt on input line 116.

Overfull \hbox (28.97726pt too wide) in paragraph at lines 116--116
 [][]  
 []

<logos/CEL_logo.pdf, id=48, 204.658pt x 209.08243pt>
File: logos/CEL_logo.pdf Graphic file (type pdf)
 <use logos/CEL_logo.pdf>
Package pdftex.def Info: logos/CEL_logo.pdf used on input line 116.
(pdftex.def)             Requested size: 20.467pt x 20.90945pt.

Overfull \hbox (32.5598pt too wide) in paragraph at lines 116--116
 []| []  
 []

\c_siunitx_mathsf_int=\count495
LaTeX Font Info:    Font shape `OT1/phv/m/n' will be
(Font)              scaled to size 7.35999pt on input line 116.
LaTeX Font Info:    Font shape `OT1/phv/m/it' in size <12> not available
(Font)              Font shape `OT1/phv/m/sl' tried instead on input line 116.
LaTeX Font Info:    Font shape `OT1/phv/m/sl' will be
(Font)              scaled to size 11.03998pt on input line 116.
LaTeX Font Info:    Font shape `OT1/phv/m/it' in size <8> not available
(Font)              Font shape `OT1/phv/m/sl' tried instead on input line 116.
LaTeX Font Info:    Font shape `OT1/phv/m/sl' will be
(Font)              scaled to size 7.35999pt on input line 116.
\c_siunitx_mathtt_int=\count496
LaTeX Font Info:    Try loading font information for OT1+pcr on input line 116.

(/usr/share/texlive/texmf-dist/tex/latex/psnfss/ot1pcr.fd
File: ot1pcr.fd 2001/06/04 font definitions for OT1/pcr.
)
<logos/kitlogo_de_rgb.pdf, id=49, 196.91472pt x 90.65388pt>
File: logos/kitlogo_de_rgb.pdf Graphic file (type pdf)

<use logos/kitlogo_de_rgb.pdf>
Package pdftex.def Info: logos/kitlogo_de_rgb.pdf used on input line 129.
(pdftex.def)             Requested size: 65.44133pt x 30.12611pt.
LaTeX Font Info:    Font shape `OT1/phv/m/n' will be
(Font)              scaled to size 15.89755pt on input line 129.
LaTeX Font Info:    Font shape `OT1/phv/bx/n' in size <17.28> not available
(Font)              Font shape `OT1/phv/b/n' tried instead on input line 129.
LaTeX Font Info:    Font shape `OT1/phv/b/n' will be
(Font)              scaled to size 15.89755pt on input line 129.
LaTeX Font Info:    Try loading font information for OMS+phv on input line 129.


(/usr/share/texlive/texmf-dist/tex/latex/psnfss/omsphv.fd
File: omsphv.fd 
)
LaTeX Font Info:    Font shape `OMS/phv/m/n' in size <8> not available
(Font)              Font shape `OMS/cmsy/m/n' tried instead on input line 129.
LaTeX Font Info:    Font shape `OT1/phv/m/n' will be
(Font)              scaled to size 3.68pt on input line 129.
LaTeX Font Info:    Font shape `OT1/phv/bx/n' in size <8> not available
(Font)              Font shape `OT1/phv/b/n' tried instead on input line 129.
LaTeX Font Info:    Font shape `OT1/phv/b/n' will be
(Font)              scaled to size 7.35999pt on input line 129.

<logos/Title_logo.jpg, id=51, 1284.8pt x 421.575pt>
File: logos/Title_logo.jpg Graphic file (type jpg)
 <use logos/Title_logo.jpg>
Package pdftex.def Info: logos/Title_logo.jpg used on input line 129.
(pdftex.def)             Requested size: 358.50647pt x 113.80746pt.

[1

{/var/lib/texmf/fonts/map/pdftex/updmap/pdftex.map} <./logos/kitlogo_de_rgb.pdf
> <./logos/Title_logo.jpg>]
LaTeX Font Info:    Font shape `OT1/phv/m/n' will be
(Font)              scaled to size 9.19998pt on input line 142.
File: logos/kitlogo_de_rgb.pdf Graphic file (type pdf)
 <use logos/kitlogo_de_rgb.pdf>
Package pdftex.def Info: logos/kitlogo_de_rgb.pdf used on input line 142.
(pdftex.def)             Requested size: 39.83385pt x 18.33794pt.

Overfull \hbox (28.97726pt too wide) has occurred while \output is active
 [][]  
 []

File: logos/CEL_logo.pdf Graphic file (type pdf)
<use logos/CEL_logo.pdf>
Package pdftex.def Info: logos/CEL_logo.pdf used on input line 142.
(pdftex.def)             Requested size: 20.467pt x 20.90945pt.

Overfull \hbox (32.5598pt too wide) has occurred while \output is active
 []| []  
 []

[2

 <./logos/CEL_logo.pdf>]
<../figures/SGeometry.pdf, id=81, 370.83775pt x 275.33527pt>
File: ../figures/SGeometry.pdf Graphic file (type pdf)

<use ../figures/SGeometry.pdf>
Package pdftex.def Info: ../figures/SGeometry.pdf used on input line 206.
(pdftex.def)             Requested size: 145.67592pt x 108.16174pt.
File: logos/kitlogo_de_rgb.pdf Graphic file (type pdf)
 <use logos/kitlogo_de_rgb.pdf>
Package pdftex.def Info: logos/kitlogo_de_rgb.pdf used on input line 206.
(pdftex.def)             Requested size: 39.83385pt x 18.33794pt.

Overfull \hbox (28.97726pt too wide) has occurred while \output is active
 [][]  
 []

File: logos/CEL_logo.pdf Graphic file (type pdf)
<use logos/CEL_logo.pdf>
Package pdftex.def Info: logos/CEL_logo.pdf used on input line 206.
(pdftex.def)             Requested size: 20.467pt x 20.90945pt.

Overfull \hbox (32.5598pt too wide) has occurred while \output is active
 []| []  
 []

[3

 <../figures/SGeometry.pdf>]
File: ../figures/SGeometry.pdf Graphic file (type pdf)
 <use ../figures/SGeometry.pdf>
Package pdftex.def Info: ../figures/SGeometry.pdf used on input line 206.
(pdftex.def)             Requested size: 145.67592pt x 108.16174pt.
File: logos/kitlogo_de_rgb.pdf Graphic file (type pdf)

<use logos/kitlogo_de_rgb.pdf>
Package pdftex.def Info: logos/kitlogo_de_rgb.pdf used on input line 206.
(pdftex.def)             Requested size: 39.83385pt x 18.33794pt.

Overfull \hbox (28.97726pt too wide) has occurred while \output is active
 [][]  
 []

File: logos/CEL_logo.pdf Graphic file (type pdf)
<use logos/CEL_logo.pdf>
Package pdftex.def Info: logos/CEL_logo.pdf used on input line 206.
(pdftex.def)             Requested size: 20.467pt x 20.90945pt.

Overfull \hbox (32.5598pt too wide) has occurred while \output is active
 []| []  
 []

[4

]
File: ../figures/SGeometry.pdf Graphic file (type pdf)
 <use ../figures/SGeometry.pdf>
Package pdftex.def Info: ../figures/SGeometry.pdf used on input line 206.
(pdftex.def)             Requested size: 145.67592pt x 108.16174pt.
File: logos/kitlogo_de_rgb.pdf Graphic file (type pdf)
 <use logos/kitlogo_de_rgb.pdf>
Package pdftex.def Info: logos/kitlogo_de_rgb.pdf used on input line 206.
(pdftex.def)             Requested size: 39.83385pt x 18.33794pt.

Overfull \hbox (28.97726pt too wide) has occurred while \output is active
 [][]  
 []

File: logos/CEL_logo.pdf Graphic file (type pdf)
<use logos/CEL_logo.pdf>
Package pdftex.def Info: logos/CEL_logo.pdf used on input line 206.
(pdftex.def)             Requested size: 20.467pt x 20.90945pt.

Overfull \hbox (32.5598pt too wide) has occurred while \output is active
 []| []  
 []

[5

]
File: ../figures/SGeometry.pdf Graphic file (type pdf)
 <use ../figures/SGeometry.pdf>
Package pdftex.def Info: ../figures/SGeometry.pdf used on input line 240.
(pdftex.def)             Requested size: 145.67592pt x 108.16174pt.
File: logos/kitlogo_de_rgb.pdf Graphic file (type pdf)
 <use logos/kitlogo_de_rgb.pdf>
Package pdftex.def Info: logos/kitlogo_de_rgb.pdf used on input line 240.
(pdftex.def)             Requested size: 39.83385pt x 18.33794pt.

Overfull \hbox (28.97726pt too wide) has occurred while \output is active
 [][]  
 []

File: logos/CEL_logo.pdf Graphic file (type pdf)
<use logos/CEL_logo.pdf>
Package pdftex.def Info: logos/CEL_logo.pdf used on input line 240.
(pdftex.def)             Requested size: 20.467pt x 20.90945pt.

Overfull \hbox (32.5598pt too wide) has occurred while \output is active
 []| []  
 []

[6

]
File: ../figures/SGeometry.pdf Graphic file (type pdf)
 <use ../figures/SGeometry.pdf>
Package pdftex.def Info: ../figures/SGeometry.pdf used on input line 240.
(pdftex.def)             Requested size: 145.67592pt x 108.16174pt.
File: logos/kitlogo_de_rgb.pdf Graphic file (type pdf)
 <use logos/kitlogo_de_rgb.pdf>
Package pdftex.def Info: logos/kitlogo_de_rgb.pdf used on input line 240.
(pdftex.def)             Requested size: 39.83385pt x 18.33794pt.

Overfull \hbox (28.97726pt too wide) has occurred while \output is active
 [][]  
 []

File: logos/CEL_logo.pdf Graphic file (type pdf)
<use logos/CEL_logo.pdf>
Package pdftex.def Info: logos/CEL_logo.pdf used on input line 240.
(pdftex.def)             Requested size: 20.467pt x 20.90945pt.

Overfull \hbox (32.5598pt too wide) has occurred while \output is active
 []| []  
 []

[7

]
File: ../figures/SGeometry.pdf Graphic file (type pdf)
 <use ../figures/SGeometry.pdf>
Package pdftex.def Info: ../figures/SGeometry.pdf used on input line 240.
(pdftex.def)             Requested size: 145.67592pt x 108.16174pt.
File: logos/kitlogo_de_rgb.pdf Graphic file (type pdf)
 <use logos/kitlogo_de_rgb.pdf>
Package pdftex.def Info: logos/kitlogo_de_rgb.pdf used on input line 240.
(pdftex.def)             Requested size: 39.83385pt x 18.33794pt.

Overfull \hbox (28.97726pt too wide) has occurred while \output is active
 [][]  
 []

File: logos/CEL_logo.pdf Graphic file (type pdf)
<use logos/CEL_logo.pdf>
Package pdftex.def Info: logos/CEL_logo.pdf used on input line 240.
(pdftex.def)             Requested size: 20.467pt x 20.90945pt.

Overfull \hbox (32.5598pt too wide) has occurred while \output is active
 []| []  
 []

[8

]
File: ../figures/SGeometry.pdf Graphic file (type pdf)
 <use ../figures/SGeometry.pdf>
Package pdftex.def Info: ../figures/SGeometry.pdf used on input line 240.
(pdftex.def)             Requested size: 145.67592pt x 108.16174pt.
File: logos/kitlogo_de_rgb.pdf Graphic file (type pdf)
 <use logos/kitlogo_de_rgb.pdf>
Package pdftex.def Info: logos/kitlogo_de_rgb.pdf used on input line 240.
(pdftex.def)             Requested size: 39.83385pt x 18.33794pt.

Overfull \hbox (28.97726pt too wide) has occurred while \output is active
 [][]  
 []

File: logos/CEL_logo.pdf Graphic file (type pdf)
<use logos/CEL_logo.pdf>
Package pdftex.def Info: logos/CEL_logo.pdf used on input line 240.
(pdftex.def)             Requested size: 20.467pt x 20.90945pt.

Overfull \hbox (32.5598pt too wide) has occurred while \output is active
 []| []  
 []

[9

]
File: logos/kitlogo_de_rgb.pdf Graphic file (type pdf)
 <use logos/kitlogo_de_rgb.pdf>
Package pdftex.def Info: logos/kitlogo_de_rgb.pdf used on input line 355.
(pdftex.def)             Requested size: 39.83385pt x 18.33794pt.

Overfull \hbox (28.97726pt too wide) has occurred while \output is active
 [][]  
 []

File: logos/CEL_logo.pdf Graphic file (type pdf)
<use logos/CEL_logo.pdf>
Package pdftex.def Info: logos/CEL_logo.pdf used on input line 355.
(pdftex.def)             Requested size: 20.467pt x 20.90945pt.

Overfull \hbox (32.5598pt too wide) has occurred while \output is active
 []| []  
 []

[10

]
Overfull \vbox (1.61581pt too high) detected at line 355
 []

File: logos/kitlogo_de_rgb.pdf Graphic file (type pdf)
<use logos/kitlogo_de_rgb.pdf>
Package pdftex.def Info: logos/kitlogo_de_rgb.pdf used on input line 355.
(pdftex.def)             Requested size: 39.83385pt x 18.33794pt.

Overfull \hbox (28.97726pt too wide) has occurred while \output is active
 [][]  
 []

File: logos/CEL_logo.pdf Graphic file (type pdf)
<use logos/CEL_logo.pdf>
Package pdftex.def Info: logos/CEL_logo.pdf used on input line 355.
(pdftex.def)             Requested size: 20.467pt x 20.90945pt.

Overfull \hbox (32.5598pt too wide) has occurred while \output is active
 []| []  
 []

[11

]
File: logos/kitlogo_de_rgb.pdf Graphic file (type pdf)
 <use logos/kitlogo_de_rgb.pdf>
Package pdftex.def Info: logos/kitlogo_de_rgb.pdf used on input line 355.
(pdftex.def)             Requested size: 39.83385pt x 18.33794pt.

Overfull \hbox (28.97726pt too wide) has occurred while \output is active
 [][]  
 []

File: logos/CEL_logo.pdf Graphic file (type pdf)
<use logos/CEL_logo.pdf>
Package pdftex.def Info: logos/CEL_logo.pdf used on input line 355.
(pdftex.def)             Requested size: 20.467pt x 20.90945pt.

Overfull \hbox (32.5598pt too wide) has occurred while \output is active
 []| []  
 []

[12

]
<../figures/fig_CR_Txp_vs_lambda_CR_wkr_1e5.pdf, id=190, 722.7pt x 542.025pt>
File: ../figures/fig_CR_Txp_vs_lambda_CR_wkr_1e5.pdf Graphic file (type pdf)

<use ../figures/fig_CR_Txp_vs_lambda_CR_wkr_1e5.pdf>
Package pdftex.def Info: ../figures/fig_CR_Txp_vs_lambda_CR_wkr_1e5.pdf used on
 input line 355.
(pdftex.def)             Requested size: 152.96138pt x 118.102pt.

Overfull \vbox (5.19391pt too high) detected at line 355
 []

File: logos/kitlogo_de_rgb.pdf Graphic file (type pdf)
<use logos/kitlogo_de_rgb.pdf>
Package pdftex.def Info: logos/kitlogo_de_rgb.pdf used on input line 355.
(pdftex.def)             Requested size: 39.83385pt x 18.33794pt.

Overfull \hbox (28.97726pt too wide) has occurred while \output is active
 [][]  
 []

File: logos/CEL_logo.pdf Graphic file (type pdf)
<use logos/CEL_logo.pdf>
Package pdftex.def Info: logos/CEL_logo.pdf used on input line 355.
(pdftex.def)             Requested size: 20.467pt x 20.90945pt.

Overfull \hbox (32.5598pt too wide) has occurred while \output is active
 []| []  
 []

[13

 <../figures/fig_CR_Txp_vs_lambda_CR_wkr_1e5.pdf>]
File: logos/kitlogo_de_rgb.pdf Graphic file (type pdf)

<use logos/kitlogo_de_rgb.pdf>
Package pdftex.def Info: logos/kitlogo_de_rgb.pdf used on input line 433.
(pdftex.def)             Requested size: 39.83385pt x 18.33794pt.

Overfull \hbox (28.97726pt too wide) has occurred while \output is active
 [][]  
 []

File: logos/CEL_logo.pdf Graphic file (type pdf)
<use logos/CEL_logo.pdf>
Package pdftex.def Info: logos/CEL_logo.pdf used on input line 433.
(pdftex.def)             Requested size: 20.467pt x 20.90945pt.

Overfull \hbox (32.5598pt too wide) has occurred while \output is active
 []| []  
 []

[14

]
Overfull \vbox (7.84845pt too high) detected at line 433
 []

File: logos/kitlogo_de_rgb.pdf Graphic file (type pdf)
<use logos/kitlogo_de_rgb.pdf>
Package pdftex.def Info: logos/kitlogo_de_rgb.pdf used on input line 433.
(pdftex.def)             Requested size: 39.83385pt x 18.33794pt.

Overfull \hbox (28.97726pt too wide) has occurred while \output is active
 [][]  
 []

File: logos/CEL_logo.pdf Graphic file (type pdf)
<use logos/CEL_logo.pdf>
Package pdftex.def Info: logos/CEL_logo.pdf used on input line 433.
(pdftex.def)             Requested size: 20.467pt x 20.90945pt.

Overfull \hbox (32.5598pt too wide) has occurred while \output is active
 []| []  
 []

[15

]
File: logos/kitlogo_de_rgb.pdf Graphic file (type pdf)
 <use logos/kitlogo_de_rgb.pdf>
Package pdftex.def Info: logos/kitlogo_de_rgb.pdf used on input line 433.
(pdftex.def)             Requested size: 39.83385pt x 18.33794pt.

Overfull \hbox (28.97726pt too wide) has occurred while \output is active
 [][]  
 []

File: logos/CEL_logo.pdf Graphic file (type pdf)
<use logos/CEL_logo.pdf>
Package pdftex.def Info: logos/CEL_logo.pdf used on input line 433.
(pdftex.def)             Requested size: 20.467pt x 20.90945pt.

Overfull \hbox (32.5598pt too wide) has occurred while \output is active
 []| []  
 []

[16

]
<../figures/fig_ID_Cap_Out_vs_epsilon_wkr_1e5.pdf, id=232, 722.7pt x 542.025pt>
File: ../figures/fig_ID_Cap_Out_vs_epsilon_wkr_1e5.pdf Graphic file (type pdf)
<use ../figures/fig_ID_Cap_Out_vs_epsilon_wkr_1e5.pdf>
Package pdftex.def Info: ../figures/fig_ID_Cap_Out_vs_epsilon_wkr_1e5.pdf used 
on input line 433.
(pdftex.def)             Requested size: 152.96138pt x 118.102pt.

Overfull \vbox (1.70657pt too high) detected at line 433
 []

File: logos/kitlogo_de_rgb.pdf Graphic file (type pdf)
<use logos/kitlogo_de_rgb.pdf>
Package pdftex.def Info: logos/kitlogo_de_rgb.pdf used on input line 433.
(pdftex.def)             Requested size: 39.83385pt x 18.33794pt.

Overfull \hbox (28.97726pt too wide) has occurred while \output is active
 [][]  
 []

File: logos/CEL_logo.pdf Graphic file (type pdf)
<use logos/CEL_logo.pdf>
Package pdftex.def Info: logos/CEL_logo.pdf used on input line 433.
(pdftex.def)             Requested size: 20.467pt x 20.90945pt.

Overfull \hbox (32.5598pt too wide) has occurred while \output is active
 []| []  
 []

[17

 <../figures/fig_ID_Cap_Out_vs_epsilon_wkr_1e5.pdf>]
File: logos/kitlogo_de_rgb.pdf Graphic file (type pdf)

<use logos/kitlogo_de_rgb.pdf>
Package pdftex.def Info: logos/kitlogo_de_rgb.pdf used on input line 502.
(pdftex.def)             Requested size: 39.83385pt x 18.33794pt.

Overfull \hbox (28.97726pt too wide) has occurred while \output is active
 [][]  
 []

File: logos/CEL_logo.pdf Graphic file (type pdf)
<use logos/CEL_logo.pdf>
Package pdftex.def Info: logos/CEL_logo.pdf used on input line 502.
(pdftex.def)             Requested size: 20.467pt x 20.90945pt.

Overfull \hbox (32.5598pt too wide) has occurred while \output is active
 []| []  
 []

[18

]
Overfull \hbox (4.62733pt too wide) in paragraph at lines 502--502
[]|[]  
 []

File: logos/kitlogo_de_rgb.pdf Graphic file (type pdf)
<use logos/kitlogo_de_rgb.pdf>
Package pdftex.def Info: logos/kitlogo_de_rgb.pdf used on input line 502.
(pdftex.def)             Requested size: 39.83385pt x 18.33794pt.

Overfull \hbox (28.97726pt too wide) has occurred while \output is active
 [][]  
 []

File: logos/CEL_logo.pdf Graphic file (type pdf)
<use logos/CEL_logo.pdf>
Package pdftex.def Info: logos/CEL_logo.pdf used on input line 502.
(pdftex.def)             Requested size: 20.467pt x 20.90945pt.

Overfull \hbox (32.5598pt too wide) has occurred while \output is active
 []| []  
 []

[19

]
Overfull \hbox (4.62733pt too wide) in paragraph at lines 502--502
[]|[]  
 []

File: logos/kitlogo_de_rgb.pdf Graphic file (type pdf)
<use logos/kitlogo_de_rgb.pdf>
Package pdftex.def Info: logos/kitlogo_de_rgb.pdf used on input line 502.
(pdftex.def)             Requested size: 39.83385pt x 18.33794pt.

Overfull \hbox (28.97726pt too wide) has occurred while \output is active
 [][]  
 []

File: logos/CEL_logo.pdf Graphic file (type pdf)
<use logos/CEL_logo.pdf>
Package pdftex.def Info: logos/CEL_logo.pdf used on input line 502.
(pdftex.def)             Requested size: 20.467pt x 20.90945pt.

Overfull \hbox (32.5598pt too wide) has occurred while \output is active
 []| []  
 []

[20

]
Overfull \hbox (4.62733pt too wide) in paragraph at lines 502--502
[]|[]  
 []

<../figures/fig_ID_Cap_Moments_vs_d_s_1e5.pdf, id=273, 722.7pt x 542.025pt>
File: ../figures/fig_ID_Cap_Moments_vs_d_s_1e5.pdf Graphic file (type pdf)

<use ../figures/fig_ID_Cap_Moments_vs_d_s_1e5.pdf>
Package pdftex.def Info: ../figures/fig_ID_Cap_Moments_vs_d_s_1e5.pdf used on i
nput line 502.
(pdftex.def)             Requested size: 152.96138pt x 110.68086pt.

Overfull \vbox (4.55159pt too high) detected at line 502
 []

File: logos/kitlogo_de_rgb.pdf Graphic file (type pdf)
<use logos/kitlogo_de_rgb.pdf>
Package pdftex.def Info: logos/kitlogo_de_rgb.pdf used on input line 502.
(pdftex.def)             Requested size: 39.83385pt x 18.33794pt.

Overfull \hbox (28.97726pt too wide) has occurred while \output is active
 [][]  
 []

File: logos/CEL_logo.pdf Graphic file (type pdf)
<use logos/CEL_logo.pdf>
Package pdftex.def Info: logos/CEL_logo.pdf used on input line 502.
(pdftex.def)             Requested size: 20.467pt x 20.90945pt.

Overfull \hbox (32.5598pt too wide) has occurred while \output is active
 []| []  
 []

[21

 <../figures/fig_ID_Cap_Moments_vs_d_s_1e5.pdf>]
File: logos/kitlogo_de_rgb.pdf Graphic file (type pdf)

<use logos/kitlogo_de_rgb.pdf>
Package pdftex.def Info: logos/kitlogo_de_rgb.pdf used on input line 516.
(pdftex.def)             Requested size: 39.83385pt x 18.33794pt.

Overfull \hbox (28.97726pt too wide) has occurred while \output is active
 [][]  
 []

File: logos/CEL_logo.pdf Graphic file (type pdf)
<use logos/CEL_logo.pdf>
Package pdftex.def Info: logos/CEL_logo.pdf used on input line 516.
(pdftex.def)             Requested size: 20.467pt x 20.90945pt.

Overfull \hbox (32.5598pt too wide) has occurred while \output is active
 []| []  
 []

[22

]
Overfull \hbox (28.97726pt too wide) has occurred while \output is active
 [][]  
 []

File: logos/CEL_logo.pdf Graphic file (type pdf)
<use logos/CEL_logo.pdf>
Package pdftex.def Info: logos/CEL_logo.pdf used on input line 522.
(pdftex.def)             Requested size: 20.467pt x 20.90945pt.

Overfull \hbox (32.5598pt too wide) has occurred while \output is active
 []| []  
 []

[23

]
\tf@nav=\write7
\openout7 = `PIMRC14.nav'.

\tf@toc=\write8
\openout8 = `PIMRC14.toc'.

\tf@snm=\write9
\openout9 = `PIMRC14.snm'.

Package atveryend Info: Empty hook `BeforeClearDocument' on input line 526.
Package atveryend Info: Empty hook `AfterLastShipout' on input line 526.
 (./PIMRC14.aux)
Package atveryend Info: Executing hook `AtVeryEndDocument' on input line 526.
Package atveryend Info: Executing hook `AtEndAfterFileList' on input line 526.
Package rerunfilecheck Info: File `PIMRC14.out' has not changed.
(rerunfilecheck)             Checksum: E232A3CE3B73BA24C7D78232D8BA08B9;243.


LaTeX Warning: Label(s) may have changed. Rerun to get cross-references right.

Package logreq Info: Writing requests to 'PIMRC14.run.xml'.
\openout1 = `PIMRC14.run.xml'.

Package atveryend Info: Empty hook `AtVeryVeryEnd' on input line 526.
 ) 
Here is how much of TeX's memory you used:
 35660 strings out of 495007
 724722 string characters out of 3179689
 917084 words of memory out of 3000000
 38031 multiletter control sequences out of 15000+200000
 32793 words of font info for 67 fonts, out of 3000000 for 9000
 14 hyphenation exceptions out of 8191
 50i,28n,71p,1258b,1522s stack positions out of 5000i,500n,10000p,200000b,50000s
{/usr/share/texlive/texmf-dist/fonts/enc/dvips/base/8r.enc}</usr/share/texliv
e/texmf-dist/fonts/type1/public/amsfonts/cmextra/cmex8.pfb></usr/share/texlive/
texmf-dist/fonts/type1/public/amsfonts/cm/cmmi5.pfb></usr/share/texlive/texmf-d
ist/fonts/type1/public/amsfonts/cm/cmmi6.pfb></usr/share/texlive/texmf-dist/fon
ts/type1/public/amsfonts/cm/cmmi8.pfb></usr/share/texlive/texmf-dist/fonts/type
1/public/amsfonts/cm/cmss8.pfb></usr/share/texlive/texmf-dist/fonts/type1/publi
c/amsfonts/cm/cmsy6.pfb></usr/share/texlive/texmf-dist/fonts/type1/public/amsfo
nts/cm/cmsy8.pfb></usr/share/texlive/texmf-dist/fonts/type1/public/amsfonts/sym
bols/msbm10.pfb></usr/share/texlive/texmf-dist/fonts/type1/urw/helvetic/uhvb8a.
pfb></usr/share/texlive/texmf-dist/fonts/type1/urw/helvetic/uhvr8a.pfb></usr/sh
are/texlive/texmf-dist/fonts/type1/urw/helvetic/uhvro8a.pfb>
Output written on PIMRC14.pdf (23 pages, 3377122 bytes).
PDF statistics:
 359 PDF objects out of 1000 (max. 8388607)
 265 compressed objects within 3 object streams
 53 named destinations out of 1000 (max. 500000)
 264 words of extra memory for PDF output out of 10000 (max. 10000000)

